{"meta": {"format": 3, "version": "7.15.4", "timestamp": "2026-08-24T02:27:00.483686", "branch_coverage": false, "show_contexts": false}, "files": {"src\\apix_api\\__init__.py": {"executed_lines": [], "summary": {"covered_lines": 0, "num_statements": 0, "percent_covered": 100.0, "percent_covered_display": "100", "missing_lines": 0, "excluded_lines": 0, "percent_statements_covered": 100.0, "percent_statements_covered_display": "100"}, "missing_lines": [], "excluded_lines": [], "functions": {"": {"executed_lines": [], "summary": {"covered_lines": 0, "num_statements": 0, "percent_covered": 100.0, "percent_covered_display": "100", "missing_lines": 0, "excluded_lines": 0, "percent_statements_covered": 100.0, "percent_statements_covered_display": "100"}, "missing_lines": [], "excluded_lines": [], "start_line": 1}}, "classes": {"": {"executed_lines": [], "summary": {"covered_lines": 0, "num_statements": 0, "percent_covered": 100.0, "percent_covered_display": "100", "missing_lines": 0, "excluded_lines": 0, "percent_statements_covered": 100.0, "percent_statements_covered_display": "100"}, "missing_lines": [], "excluded_lines": [], "start_line": 1}}}, "src\\apix_api\\main.py": {"executed_lines": [13, 15, 16, 17, 18, 20, 21, 24, 25, 26, 27, 28, 30, 32, 49, 50, 51, 52, 54, 57, 66, 67, 72, 73, 76, 79, 81, 82, 85, 88, 90, 94, 95, 98, 101, 102, 105, 108, 109, 110, 153, 154, 167, 168, 169, 171, 173, 174, 176, 179, 180, 191, 192, 211, 212, 224, 225, 250, 251, 281, 282, 308, 309, 319, 323, 324, 325, 326, 327, 330, 331, 332, 334, 335, 340, 341, 348, 350, 353, 354, 355, 357, 358, 360, 363, 369, 372, 394, 395, 433, 434, 450, 451, 453, 455, 457, 459, 465, 472, 473, 475, 487, 488, 490, 491, 492, 543, 544, 545, 550, 551, 552, 555, 556], "summary": {"covered_lines": 114, "num_statements": 192, "percent_covered": 59.375, "percent_covered_display": "59", "missing_lines": 78, "excluded_lines": 0, "percent_statements_covered": 59.375, "percent_statements_covered_display": "59"}, "missing_lines": [22, 77, 96, 97, 99, 100, 170, 177, 195, 196, 200, 201, 202, 203, 206, 214, 218, 219, 220, 227, 228, 229, 230, 231, 232, 233, 234, 235, 259, 263, 264, 265, 266, 267, 268, 269, 270, 271, 272, 273, 274, 289, 294, 295, 296, 297, 298, 299, 300, 301, 302, 303, 328, 329, 333, 404, 405, 407, 408, 409, 413, 414, 416, 417, 418, 421, 423, 424, 426, 429, 430, 438, 439, 441, 442, 443, 456, 557], "excluded_lines": [], "functions": {"get_conn": {"executed_lines": [50, 51, 52, 54], "summary": {"covered_lines": 4, "num_statements": 4, "percent_covered": 100.0, "percent_covered_display": "100", "missing_lines": 0, "excluded_lines": 0, "percent_statements_covered": 100.0, "percent_statements_covered_display": "100"}, "missing_lines": [], "excluded_lines": [], "start_line": 49}, "_records": {"executed_lines": [66, 67], "summary": {"covered_lines": 2, "num_statements": 2, "percent_covered": 100.0, "percent_covered_display": "100", "missing_lines": 0, "excluded_lines": 0, "percent_statements_covered": 100.0, "percent_statements_covered_display": "100"}, "missing_lines": [], "excluded_lines": [], "start_line": 57}, "_meta": {"executed_lines": [73, 76, 79, 81, 82, 85], "summary": {"covered_lines": 6, "num_statements": 7, "percent_covered": 85.71428571428571, "percent_covered_display": "86", "missing_lines": 1, "excluded_lines": 0, "percent_statements_covered": 85.71428571428571, "percent_statements_covered_display": "86"}, "missing_lines": [77], "excluded_lines": [], "start_line": 72}, "_series": {"executed_lines": [90, 94, 95, 98, 101, 102], "summary": {"covered_lines": 6, "num_statements": 10, "percent_covered": 60.0, "percent_covered_display": "60", "missing_lines": 4, "excluded_lines": 0, "percent_statements_covered": 60.0, "percent_statements_covered_display": "60"}, "missing_lines": [96, 97, 99, 100], "excluded_lines": [], "start_line": 88}, "_sdmx": {"executed_lines": [108, 109, 110], "summary": {"covered_lines": 3, "num_statements": 3, "percent_covered": 100.0, "percent_covered_display": "100", "missing_lines": 0, "excluded_lines": 0, "percent_statements_covered": 100.0, "percent_statements_covered_display": "100"}, "missing_lines": [], "excluded_lines": [], "start_line": 105}, "get_index": {"executed_lines": [167, 168, 169, 171, 173, 174, 176, 179, 180], "summary": {"covered_lines": 9, "num_statements": 11, "percent_covered": 81.81818181818181, "percent_covered_display": "82", "missing_lines": 2, "excluded_lines": 0, "percent_statements_covered": 81.81818181818181, "percent_statements_covered_display": "82"}, "missing_lines": [170, 177], "excluded_lines": [], "start_line": 154}, "get_route_index": {"executed_lines": [], "summary": {"covered_lines": 0, "num_statements": 7, "percent_covered": 0.0, "percent_covered_display": "0", "missing_lines": 7, "excluded_lines": 0, "percent_statements_covered": 0.0, "percent_statements_covered_display": "0"}, "missing_lines": [195, 196, 200, 201, 202, 203, 206], "excluded_lines": [], "start_line": 192}, "get_apw_index": {"executed_lines": [], "summary": {"covered_lines": 0, "num_statements": 4, "percent_covered": 0.0, "percent_covered_display": "0", "missing_lines": 4, "excluded_lines": 0, "percent_statements_covered": 0.0, "percent_statements_covered_display": "0"}, "missing_lines": [214, 218, 219, 220], "excluded_lines": [], "start_line": 212}, "get_elasticity": {"executed_lines": [], "summary": {"covered_lines": 0, "num_statements": 9, "percent_covered": 0.0, "percent_covered_display": "0", "missing_lines": 9, "excluded_lines": 0, "percent_statements_covered": 0.0, "percent_statements_covered_display": "0"}, "missing_lines": [227, 228, 229, 230, 231, 232, 233, 234, 235], "excluded_lines": [], "start_line": 225}, "get_components": {"executed_lines": [], "summary": {"covered_lines": 0, "num_statements": 13, "percent_covered": 0.0, "percent_covered_display": "0", "missing_lines": 13, "excluded_lines": 0, "percent_statements_covered": 0.0, "percent_statements_covered_display": "0"}, "missing_lines": [259, 263, 264, 265, 266, 267, 268, 269, 270, 271, 272, 273, 274], "excluded_lines": [], "start_line": 251}, "get_availability": {"executed_lines": [], "summary": {"covered_lines": 0, "num_statements": 11, "percent_covered": 0.0, "percent_covered_display": "0", "missing_lines": 11, "excluded_lines": 0, "percent_statements_covered": 0.0, "percent_statements_covered_display": "0"}, "missing_lines": [289, 294, 295, 296, 297, 298, 299, 300, 301, 302, 303], "excluded_lines": [], "start_line": 282}, "get_availability_series": {"executed_lines": [319, 323, 324, 325, 326, 327, 330, 331, 332, 334, 335], "summary": {"covered_lines": 11, "num_statements": 14, "percent_covered": 78.57142857142857, "percent_covered_display": "79", "missing_lines": 3, "excluded_lines": 0, "percent_statements_covered": 78.57142857142857, "percent_statements_covered_display": "79"}, "missing_lines": [328, 329, 333], "excluded_lines": [], "start_line": 309}, "get_coverage": {"executed_lines": [348, 350, 353, 354, 355, 357, 358, 360, 363, 369, 372], "summary": {"covered_lines": 11, "num_statements": 11, "percent_covered": 100.0, "percent_covered_display": "100", "missing_lines": 0, "excluded_lines": 0, "percent_statements_covered": 100.0, "percent_statements_covered_display": "100"}, "missing_lines": [], "excluded_lines": [], "start_line": 341}, "get_backtest": {"executed_lines": [], "summary": {"covered_lines": 0, "num_statements": 16, "percent_covered": 0.0, "percent_covered_display": "0", "missing_lines": 16, "excluded_lines": 0, "percent_statements_covered": 0.0, "percent_statements_covered_display": "0"}, "missing_lines": [404, 405, 407, 408, 409, 413, 414, 416, 417, 418, 421, 423, 424, 426, 429, 430], "excluded_lines": [], "start_line": 395}, "get_cpi": {"executed_lines": [], "summary": {"covered_lines": 0, "num_statements": 5, "percent_covered": 0.0, "percent_covered_display": "0", "missing_lines": 5, "excluded_lines": 0, "percent_statements_covered": 0.0, "percent_statements_covered_display": "0"}, "missing_lines": [438, 439, 441, 442, 443], "excluded_lines": [], "start_line": 434}, "get_provenance": {"executed_lines": [453, 455, 457, 459, 465, 472, 473, 475], "summary": {"covered_lines": 8, "num_statements": 9, "percent_covered": 88.88888888888889, "percent_covered_display": "89", "missing_lines": 1, "excluded_lines": 0, "percent_statements_covered": 88.88888888888889, "percent_statements_covered_display": "89"}, "missing_lines": [456], "excluded_lines": [], "start_line": 451}, "get_methodology": {"executed_lines": [490, 491, 492], "summary": {"covered_lines": 3, "num_statements": 3, "percent_covered": 100.0, "percent_covered_display": "100", "missing_lines": 0, "excluded_lines": 0, "percent_statements_covered": 100.0, "percent_statements_covered_display": "100"}, "missing_lines": [], "excluded_lines": [], "start_line": 488}, "health": {"executed_lines": [545], "summary": {"covered_lines": 1, "num_statements": 1, "percent_covered": 100.0, "percent_covered_display": "100", "missing_lines": 0, "excluded_lines": 0, "percent_statements_covered": 100.0, "percent_statements_covered_display": "100"}, "missing_lines": [], "excluded_lines": [], "start_line": 544}, "root": {"executed_lines": [], "summary": {"covered_lines": 0, "num_statements": 1, "percent_covered": 0.0, "percent_covered_display": "0", "missing_lines": 1, "excluded_lines": 0, "percent_statements_covered": 0.0, "percent_statements_covered_display": "0"}, "missing_lines": [557], "excluded_lines": [], "start_line": 556}, "": {"executed_lines": [13, 15, 16, 17, 18, 20, 21, 24, 25, 26, 27, 28, 30, 32, 49, 57, 72, 88, 105, 153, 154, 191, 192, 211, 212, 224, 225, 250, 251, 281, 282, 308, 309, 340, 341, 394, 395, 433, 434, 450, 451, 487, 488, 543, 544, 550, 551, 552, 555, 556], "summary": {"covered_lines": 50, "num_statements": 51, "percent_covered": 98.03921568627452, "percent_covered_display": "98", "missing_lines": 1, "excluded_lines": 0, "percent_statements_covered": 98.03921568627452, "percent_statements_covered_display": "98"}, "missing_lines": [22], "excluded_lines": [], "start_line": 1}}, "classes": {"": {"executed_lines": [13, 15, 16, 17, 18, 20, 21, 24, 25, 26, 27, 28, 30, 32, 49, 50, 51, 52, 54, 57, 66, 67, 72, 73, 76, 79, 81, 82, 85, 88, 90, 94, 95, 98, 101, 102, 105, 108, 109, 110, 153, 154, 167, 168, 169, 171, 173, 174, 176, 179, 180, 191, 192, 211, 212, 224, 225, 250, 251, 281, 282, 308, 309, 319, 323, 324, 325, 326, 327, 330, 331, 332, 334, 335, 340, 341, 348, 350, 353, 354, 355, 357, 358, 360, 363, 369, 372, 394, 395, 433, 434, 450, 451, 453, 455, 457, 459, 465, 472, 473, 475, 487, 488, 490, 491, 492, 543, 544, 545, 550, 551, 552, 555, 556], "summary": {"covered_lines": 114, "num_statements": 192, "percent_covered": 59.375, "percent_covered_display": "59", "missing_lines": 78, "excluded_lines": 0, "percent_statements_covered": 59.375, "percent_statements_covered_display": "59"}, "missing_lines": [22, 77, 96, 97, 99, 100, 170, 177, 195, 196, 200, 201, 202, 203, 206, 214, 218, 219, 220, 227, 228, 229, 230, 231, 232, 233, 234, 235, 259, 263, 264, 265, 266, 267, 268, 269, 270, 271, 272, 273, 274, 289, 294, 295, 296, 297, 298, 299, 300, 301, 302, 303, 328, 329, 333, 404, 405, 407, 408, 409, 413, 414, 416, 417, 418, 421, 423, 424, 426, 429, 430, 438, 439, 441, 442, 443, 456, 557], "excluded_lines": [], "start_line": 1}}}, "src\\apix_collect\\__init__.py": {"executed_lines": [], "summary": {"covered_lines": 0, "num_statements": 0, "percent_covered": 100.0, "percent_covered_display": "100", "missing_lines": 0, "excluded_lines": 0, "percent_statements_covered": 100.0, "percent_statements_covered_display": "100"}, "missing_lines": [], "excluded_lines": [], "functions": {"": {"executed_lines": [], "summary": {"covered_lines": 0, "num_statements": 0, "percent_covered": 100.0, "percent_covered_display": "100", "missing_lines": 0, "excluded_lines": 0, "percent_statements_covered": 100.0, "percent_statements_covered_display": "100"}, "missing_lines": [], "excluded_lines": [], "start_line": 1}}, "classes": {"": {"executed_lines": [], "summary": {"covered_lines": 0, "num_statements": 0, "percent_covered": 100.0, "percent_covered_display": "100", "missing_lines": 0, "excluded_lines": 0, "percent_statements_covered": 100.0, "percent_statements_covered_display": "100"}, "missing_lines": [], "excluded_lines": [], "start_line": 1}}}, "src\\apix_collect\\politeness.py": {"executed_lines": [18, 20, 21, 22, 23, 24, 28, 31, 32, 40, 41, 42, 43, 45, 47, 48, 49, 50, 51, 52, 53, 54, 55, 56, 59, 60, 67, 68, 69, 70, 72, 73, 74, 75, 76, 77, 78, 79, 80, 82, 84, 85, 86, 87, 88, 90, 94, 97, 99, 100, 101, 102, 103, 105, 109, 113, 114, 115, 116, 117, 118, 119, 120, 121, 122, 123, 125, 126, 127, 128, 129, 130, 131, 134, 135, 137, 138, 139, 140, 142, 143, 144, 145, 146, 148, 151, 153, 154, 155, 156, 157, 158, 161, 165, 166, 167, 170, 171, 173, 174, 176, 177, 180, 183, 184, 185, 186, 187, 188, 190, 194, 196, 197, 198, 199, 203, 204, 205, 207, 213, 215, 216, 217, 218], "summary": {"covered_lines": 124, "num_statements": 138, "percent_covered": 89.85507246376811, "percent_covered_display": "90", "missing_lines": 14, "excluded_lines": 0, "percent_statements_covered": 89.85507246376811, "percent_statements_covered_display": "90"}, "missing_lines": [91, 106, 152, 160, 181, 200, 201, 209, 210, 211, 219, 220, 221, 222], "excluded_lines": [], "functions": {"TokenBucket.take": {"executed_lines": [47, 48, 49, 50, 51, 52, 53, 54, 55, 56], "summary": {"covered_lines": 10, "num_statements": 10, "percent_covered": 100.0, "percent_covered_display": "100", "missing_lines": 0, "excluded_lines": 0, "percent_statements_covered": 100.0, "percent_statements_covered_display": "100"}, "missing_lines": [], "excluded_lines": [], "start_line": 45}, "CircuitBreaker.is_open": {"executed_lines": [73, 74, 75, 76, 77, 78, 79, 80], "summary": {"covered_lines": 8, "num_statements": 8, "percent_covered": 100.0, "percent_covered_display": "100", "missing_lines": 0, "excluded_lines": 0, "percent_statements_covered": 100.0, "percent_statements_covered_display": "100"}, "missing_lines": [], "excluded_lines": [], "start_line": 72}, "CircuitBreaker.record_block": {"executed_lines": [84, 85, 86, 87, 88], "summary": {"covered_lines": 5, "num_statements": 5, "percent_covered": 100.0, "percent_covered_display": "100", "missing_lines": 0, "excluded_lines": 0, "percent_statements_covered": 100.0, "percent_statements_covered_display": "100"}, "missing_lines": [], "excluded_lines": [], "start_line": 82}, "CircuitBreaker.record_success": {"executed_lines": [], "summary": {"covered_lines": 0, "num_statements": 1, "percent_covered": 0.0, "percent_covered_display": "0", "missing_lines": 1, "excluded_lines": 0, "percent_statements_covered": 0.0, "percent_statements_covered_display": "0"}, "missing_lines": [91], "excluded_lines": [], "start_line": 90}, "Decision.__init__": {"executed_lines": [99, 100, 101, 102, 103], "summary": {"covered_lines": 5, "num_statements": 5, "percent_covered": 100.0, "percent_covered_display": "100", "missing_lines": 0, "excluded_lines": 0, "percent_statements_covered": 100.0, "percent_statements_covered_display": "100"}, "missing_lines": [], "excluded_lines": [], "start_line": 97}, "Decision.__repr__": {"executed_lines": [], "summary": {"covered_lines": 0, "num_statements": 1, "percent_covered": 0.0, "percent_covered_display": "0", "missing_lines": 1, "excluded_lines": 0, "percent_statements_covered": 0.0, "percent_statements_covered_display": "0"}, "missing_lines": [106], "excluded_lines": [], "start_line": 105}, "PolitenessGovernor.__init__": {"executed_lines": [114, 115, 116, 117, 118, 119, 120, 121, 122, 123, 125, 126, 127, 128, 129, 130, 131], "summary": {"covered_lines": 17, "num_statements": 17, "percent_covered": 100.0, "percent_covered_display": "100", "missing_lines": 0, "excluded_lines": 0, "percent_statements_covered": 100.0, "percent_statements_covered_display": "100"}, "missing_lines": [], "excluded_lines": [], "start_line": 113}, "PolitenessGovernor.host_of": {"executed_lines": [135], "summary": {"covered_lines": 1, "num_statements": 1, "percent_covered": 100.0, "percent_covered_display": "100", "missing_lines": 0, "excluded_lines": 0, "percent_statements_covered": 100.0, "percent_statements_covered_display": "100"}, "missing_lines": [], "excluded_lines": [], "start_line": 134}, "PolitenessGovernor.breaker": {"executed_lines": [138, 139, 140], "summary": {"covered_lines": 3, "num_statements": 3, "percent_covered": 100.0, "percent_covered_display": "100", "missing_lines": 0, "excluded_lines": 0, "percent_statements_covered": 100.0, "percent_statements_covered_display": "100"}, "missing_lines": [], "excluded_lines": [], "start_line": 137}, "PolitenessGovernor.bucket": {"executed_lines": [143, 144, 145, 146], "summary": {"covered_lines": 4, "num_statements": 4, "percent_covered": 100.0, "percent_covered_display": "100", "missing_lines": 0, "excluded_lines": 0, "percent_statements_covered": 100.0, "percent_statements_covered_display": "100"}, "missing_lines": [], "excluded_lines": [], "start_line": 142}, "PolitenessGovernor.robots_for": {"executed_lines": [151, 153, 154, 155, 156, 157, 158, 161, 165, 166, 167], "summary": {"covered_lines": 11, "num_statements": 13, "percent_covered": 84.61538461538461, "percent_covered_display": "85", "missing_lines": 2, "excluded_lines": 0, "percent_statements_covered": 84.61538461538461, "percent_statements_covered_display": "85"}, "missing_lines": [152, 160], "excluded_lines": [], "start_line": 148}, "PolitenessGovernor.check": {"executed_lines": [171, 173, 174, 176, 177, 180, 183, 184, 185, 186, 187, 188, 190, 194, 196, 197, 198, 199, 203, 204, 205], "summary": {"covered_lines": 21, "num_statements": 24, "percent_covered": 87.5, "percent_covered_display": "88", "missing_lines": 3, "excluded_lines": 0, "percent_statements_covered": 87.5, "percent_statements_covered_display": "88"}, "missing_lines": [181, 200, 201], "excluded_lines": [], "start_line": 170}, "PolitenessGovernor.backoff_s": {"executed_lines": [], "summary": {"covered_lines": 0, "num_statements": 3, "percent_covered": 0.0, "percent_covered_display": "0", "missing_lines": 3, "excluded_lines": 0, "percent_statements_covered": 0.0, "percent_statements_covered_display": "0"}, "missing_lines": [209, 210, 211], "excluded_lines": [], "start_line": 207}, "PolitenessGovernor.on_response": {"executed_lines": [215, 216, 217, 218], "summary": {"covered_lines": 4, "num_statements": 8, "percent_covered": 50.0, "percent_covered_display": "50", "missing_lines": 4, "excluded_lines": 0, "percent_statements_covered": 50.0, "percent_statements_covered_display": "50"}, "missing_lines": [219, 220, 221, 222], "excluded_lines": [], "start_line": 213}, "": {"executed_lines": [18, 20, 21, 22, 23, 24, 28, 31, 32, 40, 41, 42, 43, 45, 59, 60, 67, 68, 69, 70, 72, 82, 90, 94, 97, 105, 109, 113, 134, 137, 142, 148, 170, 207, 213], "summary": {"covered_lines": 35, "num_statements": 35, "percent_covered": 100.0, "percent_covered_display": "100", "missing_lines": 0, "excluded_lines": 0, "percent_statements_covered": 100.0, "percent_statements_covered_display": "100"}, "missing_lines": [], "excluded_lines": [], "start_line": 1}}, "classes": {"TokenBucket": {"executed_lines": [47, 48, 49, 50, 51, 52, 53, 54, 55, 56], "summary": {"covered_lines": 10, "num_statements": 10, "percent_covered": 100.0, "percent_covered_display": "100", "missing_lines": 0, "excluded_lines": 0, "percent_statements_covered": 100.0, "percent_statements_covered_display": "100"}, "missing_lines": [], "excluded_lines": [], "start_line": 32}, "CircuitBreaker": {"executed_lines": [73, 74, 75, 76, 77, 78, 79, 80, 84, 85, 86, 87, 88], "summary": {"covered_lines": 13, "num_statements": 14, "percent_covered": 92.85714285714286, "percent_covered_display": "93", "missing_lines": 1, "excluded_lines": 0, "percent_statements_covered": 92.85714285714286, "percent_statements_covered_display": "93"}, "missing_lines": [91], "excluded_lines": [], "start_line": 60}, "Decision": {"executed_lines": [99, 100, 101, 102, 103], "summary": {"covered_lines": 5, "num_statements": 6, "percent_covered": 83.33333333333333, "percent_covered_display": "83", "missing_lines": 1, "excluded_lines": 0, "percent_statements_covered": 83.33333333333333, "percent_statements_covered_display": "83"}, "missing_lines": [106], "excluded_lines": [], "start_line": 94}, "PolitenessGovernor": {"executed_lines": [114, 115, 116, 117, 118, 119, 120, 121, 122, 123, 125, 126, 127, 128, 129, 130, 131, 135, 138, 139, 140, 143, 144, 145, 146, 151, 153, 154, 155, 156, 157, 158, 161, 165, 166, 167, 171, 173, 174, 176, 177, 180, 183, 184, 185, 186, 187, 188, 190, 194, 196, 197, 198, 199, 203, 204, 205, 215, 216, 217, 218], "summary": {"covered_lines": 61, "num_statements": 73, "percent_covered": 83.56164383561644, "percent_covered_display": "84", "missing_lines": 12, "excluded_lines": 0, "percent_statements_covered": 83.56164383561644, "percent_statements_covered_display": "84"}, "missing_lines": [152, 160, 181, 200, 201, 209, 210, 211, 219, 220, 221, 222], "excluded_lines": [], "start_line": 109}, "": {"executed_lines": [18, 20, 21, 22, 23, 24, 28, 31, 32, 40, 41, 42, 43, 45, 59, 60, 67, 68, 69, 70, 72, 82, 90, 94, 97, 105, 109, 113, 134, 137, 142, 148, 170, 207, 213], "summary": {"covered_lines": 35, "num_statements": 35, "percent_covered": 100.0, "percent_covered_display": "100", "missing_lines": 0, "excluded_lines": 0, "percent_statements_covered": 100.0, "percent_statements_covered_display": "100"}, "missing_lines": [], "excluded_lines": [], "start_line": 1}}}, "src\\apix_collect\\provenance.py": {"executed_lines": [13, 15, 16, 17, 18, 19, 20, 22, 28, 33, 35, 39, 40, 43, 45, 46, 49, 52, 55, 56, 57, 59, 60, 62, 63, 64, 66, 77, 78, 87, 88, 89, 99, 100, 103, 109, 114, 115, 116, 117, 118, 119, 120, 121, 122], "summary": {"covered_lines": 45, "num_statements": 46, "percent_covered": 97.82608695652173, "percent_covered_display": "98", "missing_lines": 1, "excluded_lines": 0, "percent_statements_covered": 97.82608695652173, "percent_statements_covered_display": "98"}, "missing_lines": [48], "excluded_lines": [], "functions": {"canonical": {"executed_lines": [35], "summary": {"covered_lines": 1, "num_statements": 1, "percent_covered": 100.0, "percent_covered_display": "100", "missing_lines": 0, "excluded_lines": 0, "percent_statements_covered": 100.0, "percent_statements_covered_display": "100"}, "missing_lines": [], "excluded_lines": [], "start_line": 33}, "chain_hash": {"executed_lines": [40], "summary": {"covered_lines": 1, "num_statements": 1, "percent_covered": 100.0, "percent_covered_display": "100", "missing_lines": 0, "excluded_lines": 0, "percent_statements_covered": 100.0, "percent_statements_covered_display": "100"}, "missing_lines": [], "excluded_lines": [], "start_line": 39}, "payload_hash": {"executed_lines": [45, 46, 49], "summary": {"covered_lines": 3, "num_statements": 4, "percent_covered": 75.0, "percent_covered_display": "75", "missing_lines": 1, "excluded_lines": 0, "percent_statements_covered": 75.0, "percent_statements_covered_display": "75"}, "missing_lines": [48], "excluded_lines": [], "start_line": 43}, "ProvenanceLedger.__init__": {"executed_lines": [56, 57], "summary": {"covered_lines": 2, "num_statements": 2, "percent_covered": 100.0, "percent_covered_display": "100", "missing_lines": 0, "excluded_lines": 0, "percent_statements_covered": 100.0, "percent_statements_covered_display": "100"}, "missing_lines": [], "excluded_lines": [], "start_line": 55}, "ProvenanceLedger._tip": {"executed_lines": [60, 62, 63, 64], "summary": {"covered_lines": 4, "num_statements": 4, "percent_covered": 100.0, "percent_covered_display": "100", "missing_lines": 0, "excluded_lines": 0, "percent_statements_covered": 100.0, "percent_statements_covered_display": "100"}, "missing_lines": [], "excluded_lines": [], "start_line": 59}, "ProvenanceLedger.record": {"executed_lines": [77, 78, 87, 88, 89, 99, 100], "summary": {"covered_lines": 7, "num_statements": 7, "percent_covered": 100.0, "percent_covered_display": "100", "missing_lines": 0, "excluded_lines": 0, "percent_statements_covered": 100.0, "percent_statements_covered_display": "100"}, "missing_lines": [], "excluded_lines": [], "start_line": 66}, "verify_chain": {"executed_lines": [109, 114, 115, 116, 117, 118, 119, 120, 121, 122], "summary": {"covered_lines": 10, "num_statements": 10, "percent_covered": 100.0, "percent_covered_display": "100", "missing_lines": 0, "excluded_lines": 0, "percent_statements_covered": 100.0, "percent_statements_covered_display": "100"}, "missing_lines": [], "excluded_lines": [], "start_line": 103}, "": {"executed_lines": [13, 15, 16, 17, 18, 19, 20, 22, 28, 33, 39, 43, 52, 55, 59, 66, 103], "summary": {"covered_lines": 17, "num_statements": 17, "percent_covered": 100.0, "percent_covered_display": "100", "missing_lines": 0, "excluded_lines": 0, "percent_statements_covered": 100.0, "percent_statements_covered_display": "100"}, "missing_lines": [], "excluded_lines": [], "start_line": 1}}, "classes": {"ProvenanceLedger": {"executed_lines": [56, 57, 60, 62, 63, 64, 77, 78, 87, 88, 89, 99, 100], "summary": {"covered_lines": 13, "num_statements": 13, "percent_covered": 100.0, "percent_covered_display": "100", "missing_lines": 0, "excluded_lines": 0, "percent_statements_covered": 100.0, "percent_statements_covered_display": "100"}, "missing_lines": [], "excluded_lines": [], "start_line": 52}, "": {"executed_lines": [13, 15, 16, 17, 18, 19, 20, 22, 28, 33, 35, 39, 40, 43, 45, 46, 49, 52, 55, 59, 66, 103, 109, 114, 115, 116, 117, 118, 119, 120, 121, 122], "summary": {"covered_lines": 32, "num_statements": 33, "percent_covered": 96.96969696969697, "percent_covered_display": "97", "missing_lines": 1, "excluded_lines": 0, "percent_statements_covered": 96.96969696969697, "percent_statements_covered_display": "97"}, "missing_lines": [48], "excluded_lines": [], "start_line": 1}}}, "src\\apix_collect\\runner.py": {"executed_lines": [7, 9, 10, 11, 13, 15, 16, 17, 18, 19, 20, 22, 25, 29, 30, 32, 34, 37, 44, 45, 46, 48, 49, 51, 52, 54, 55, 56, 59, 61, 63, 65, 66, 67, 68, 69, 70, 74, 75, 76, 77, 78, 79, 81, 110, 114, 117, 120, 123, 129, 130, 135, 136, 137, 138, 139, 140, 141, 142, 144, 146, 148, 149, 150, 151, 153, 154, 156, 158, 166, 167, 169, 174, 183, 184, 185, 186, 187, 188, 189, 190, 192, 193, 196, 204], "summary": {"covered_lines": 85, "num_statements": 116, "percent_covered": 73.27586206896552, "percent_covered_display": "73", "missing_lines": 31, "excluded_lines": 0, "percent_statements_covered": 73.27586206896552, "percent_statements_covered_display": "73"}, "missing_lines": [26, 83, 86, 87, 88, 89, 93, 94, 97, 98, 99, 100, 102, 104, 105, 107, 111, 143, 155, 191, 197, 198, 199, 200, 201, 205, 206, 207, 208, 209, 210], "excluded_lines": [], "functions": {"new_run_id": {"executed_lines": [], "summary": {"covered_lines": 0, "num_statements": 1, "percent_covered": 0.0, "percent_covered_display": "0", "missing_lines": 1, "excluded_lines": 0, "percent_statements_covered": 0.0, "percent_statements_covered_display": "0"}, "missing_lines": [26], "excluded_lines": [], "start_line": 25}, "_routes_and_carriers": {"executed_lines": [30, 32, 34], "summary": {"covered_lines": 3, "num_statements": 3, "percent_covered": 100.0, "percent_covered_display": "100", "missing_lines": 0, "excluded_lines": 0, "percent_statements_covered": 100.0, "percent_statements_covered_display": "100"}, "missing_lines": [], "excluded_lines": [], "start_line": 29}, "collect_day": {"executed_lines": [44, 45, 46, 48, 49, 51, 52, 54, 55, 56, 59, 61, 63, 65, 66, 67, 68, 69, 70, 74, 75, 76, 77, 78, 79, 81, 110, 114, 117, 120, 123, 129, 130, 135, 136, 137, 138, 139, 140, 141, 142, 144, 146, 148, 149, 150, 151, 153, 154, 156, 158, 166, 167, 169], "summary": {"covered_lines": 54, "num_statements": 72, "percent_covered": 75.0, "percent_covered_display": "75", "missing_lines": 18, "excluded_lines": 0, "percent_statements_covered": 75.0, "percent_statements_covered_display": "75"}, "missing_lines": [83, 86, 87, 88, 89, 93, 94, 97, 98, 99, 100, 102, 104, 105, 107, 111, 143, 155], "excluded_lines": [], "start_line": 37}, "backfill": {"executed_lines": [183, 184, 185, 186, 187, 188, 189, 190, 192, 193], "summary": {"covered_lines": 10, "num_statements": 11, "percent_covered": 90.9090909090909, "percent_covered_display": "91", "missing_lines": 1, "excluded_lines": 0, "percent_statements_covered": 90.9090909090909, "percent_statements_covered_display": "91"}, "missing_lines": [191], "excluded_lines": [], "start_line": 174}, "_f": {"executed_lines": [], "summary": {"covered_lines": 0, "num_statements": 5, "percent_covered": 0.0, "percent_covered_display": "0", "missing_lines": 5, "excluded_lines": 0, "percent_statements_covered": 0.0, "percent_statements_covered_display": "0"}, "missing_lines": [197, 198, 199, 200, 201], "excluded_lines": [], "start_line": 196}, "_i": {"executed_lines": [], "summary": {"covered_lines": 0, "num_statements": 6, "percent_covered": 0.0, "percent_covered_display": "0", "missing_lines": 6, "excluded_lines": 0, "percent_statements_covered": 0.0, "percent_statements_covered_display": "0"}, "missing_lines": [205, 206, 207, 208, 209, 210], "excluded_lines": [], "start_line": 204}, "": {"executed_lines": [7, 9, 10, 11, 13, 15, 16, 17, 18, 19, 20, 22, 25, 29, 37, 174, 196, 204], "summary": {"covered_lines": 18, "num_statements": 18, "percent_covered": 100.0, "percent_covered_display": "100", "missing_lines": 0, "excluded_lines": 0, "percent_statements_covered": 100.0, "percent_statements_covered_display": "100"}, "missing_lines": [], "excluded_lines": [], "start_line": 1}}, "classes": {"": {"executed_lines": [7, 9, 10, 11, 13, 15, 16, 17, 18, 19, 20, 22, 25, 29, 30, 32, 34, 37, 44, 45, 46, 48, 49, 51, 52, 54, 55, 56, 59, 61, 63, 65, 66, 67, 68, 69, 70, 74, 75, 76, 77, 78, 79, 81, 110, 114, 117, 120, 123, 129, 130, 135, 136, 137, 138, 139, 140, 141, 142, 144, 146, 148, 149, 150, 151, 153, 154, 156, 158, 166, 167, 169, 174, 183, 184, 185, 186, 187, 188, 189, 190, 192, 193, 196, 204], "summary": {"covered_lines": 85, "num_statements": 116, "percent_covered": 73.27586206896552, "percent_covered_display": "73", "missing_lines": 31, "excluded_lines": 0, "percent_statements_covered": 73.27586206896552, "percent_statements_covered_display": "73"}, "missing_lines": [26, 83, 86, 87, 88, 89, 93, 94, 97, 98, 99, 100, 102, 104, 105, 107, 111, 143, 155, 191, 197, 198, 199, 200, 201, 205, 206, 207, 208, 209, 210], "excluded_lines": [], "start_line": 1}}}, "src\\apix_collect\\sources\\__init__.py": {"executed_lines": [], "summary": {"covered_lines": 0, "num_statements": 0, "percent_covered": 100.0, "percent_covered_display": "100", "missing_lines": 0, "excluded_lines": 0, "percent_statements_covered": 100.0, "percent_statements_covered_display": "100"}, "missing_lines": [], "excluded_lines": [], "functions": {"": {"executed_lines": [], "summary": {"covered_lines": 0, "num_statements": 0, "percent_covered": 100.0, "percent_covered_display": "100", "missing_lines": 0, "excluded_lines": 0, "percent_statements_covered": 100.0, "percent_statements_covered_display": "100"}, "missing_lines": [], "excluded_lines": [], "start_line": 1}}, "classes": {"": {"executed_lines": [], "summary": {"covered_lines": 0, "num_statements": 0, "percent_covered": 100.0, "percent_covered_display": "100", "missing_lines": 0, "excluded_lines": 0, "percent_statements_covered": 100.0, "percent_statements_covered_display": "100"}, "missing_lines": [], "excluded_lines": [], "start_line": 1}}}, "src\\apix_collect\\sources\\synthetic.py": {"executed_lines": [28, 30, 31, 32, 33, 35, 39, 48, 49, 56, 57, 58, 59, 60, 62, 64, 65, 66, 67, 68, 71, 72, 73, 74, 75, 76, 77, 78, 83, 84, 85, 86, 89, 92, 93, 94, 95, 98, 99, 100, 101, 104, 107, 108, 109, 112, 119, 120, 122, 124, 125, 127, 128, 129, 130, 132, 133, 134, 135, 139, 141, 142, 143, 144, 145, 146, 147, 148, 151, 153, 154, 155, 156, 158, 159, 160, 161, 162, 163, 164, 168, 169, 170, 172, 173, 176, 177, 178, 181, 182, 184, 185, 187, 189, 190, 209, 210, 211, 224, 227, 233, 234, 235], "summary": {"covered_lines": 103, "num_statements": 104, "percent_covered": 99.03846153846153, "percent_covered_display": "99", "missing_lines": 1, "excluded_lines": 0, "percent_statements_covered": 99.03846153846153, "percent_statements_covered_display": "99"}, "missing_lines": [138], "excluded_lines": [], "functions": {"SurgeEpisode.factor": {"executed_lines": [64, 65, 66, 67, 68], "summary": {"covered_lines": 5, "num_statements": 5, "percent_covered": 100.0, "percent_covered_display": "100", "missing_lines": 0, "excluded_lines": 0, "percent_statements_covered": 100.0, "percent_statements_covered_display": "100"}, "missing_lines": [], "excluded_lines": [], "start_line": 62}, "SyntheticSource.__init__": {"executed_lines": [99, 100, 101], "summary": {"covered_lines": 3, "num_statements": 3, "percent_covered": 100.0, "percent_covered_display": "100", "missing_lines": 0, "excluded_lines": 0, "percent_statements_covered": 100.0, "percent_statements_covered_display": "100"}, "missing_lines": [], "excluded_lines": [], "start_line": 98}, "SyntheticSource._rng": {"executed_lines": [107, 108, 109], "summary": {"covered_lines": 3, "num_statements": 3, "percent_covered": 100.0, "percent_covered_display": "100", "missing_lines": 0, "excluded_lines": 0, "percent_statements_covered": 100.0, "percent_statements_covered_display": "100"}, "missing_lines": [], "excluded_lines": [], "start_line": 104}, "SyntheticSource._lead_time_factor": {"executed_lines": [119, 120], "summary": {"covered_lines": 2, "num_statements": 2, "percent_covered": 100.0, "percent_covered_display": "100", "missing_lines": 0, "excluded_lines": 0, "percent_statements_covered": 100.0, "percent_statements_covered_display": "100"}, "missing_lines": [], "excluded_lines": [], "start_line": 112}, "SyntheticSource._dow_factor": {"executed_lines": [124, 125], "summary": {"covered_lines": 2, "num_statements": 2, "percent_covered": 100.0, "percent_covered_display": "100", "missing_lines": 0, "excluded_lines": 0, "percent_statements_covered": 100.0, "percent_statements_covered_display": "100"}, "missing_lines": [], "excluded_lines": [], "start_line": 122}, "SyntheticSource._base_level": {"executed_lines": [128, 129, 130, 132, 133, 134, 135, 139], "summary": {"covered_lines": 8, "num_statements": 9, "percent_covered": 88.88888888888889, "percent_covered_display": "89", "missing_lines": 1, "excluded_lines": 0, "percent_statements_covered": 88.88888888888889, "percent_statements_covered_display": "89"}, "missing_lines": [138], "excluded_lines": [], "start_line": 127}, "SyntheticSource._surge": {"executed_lines": [142, 143, 144, 145, 146, 147, 148], "summary": {"covered_lines": 7, "num_statements": 7, "percent_covered": 100.0, "percent_covered_display": "100", "missing_lines": 0, "excluded_lines": 0, "percent_statements_covered": 100.0, "percent_statements_covered_display": "100"}, "missing_lines": [], "excluded_lines": [], "start_line": 141}, "SyntheticSource.collect": {"executed_lines": [153, 154, 155, 156, 158, 159, 160, 161, 162, 163, 164, 168, 169, 170, 172, 173, 176, 177, 178, 181, 182, 184, 185, 187, 189, 190, 209, 210, 211, 224], "summary": {"covered_lines": 30, "num_statements": 30, "percent_covered": 100.0, "percent_covered_display": "100", "missing_lines": 0, "excluded_lines": 0, "percent_statements_covered": 100.0, "percent_statements_covered_display": "100"}, "missing_lines": [], "excluded_lines": [], "start_line": 151}, "default_surges": {"executed_lines": [233, 234, 235], "summary": {"covered_lines": 3, "num_statements": 3, "percent_covered": 100.0, "percent_covered_display": "100", "missing_lines": 0, "excluded_lines": 0, "percent_statements_covered": 100.0, "percent_statements_covered_display": "100"}, "missing_lines": [], "excluded_lines": [], "start_line": 227}, "": {"executed_lines": [28, 30, 31, 32, 33, 35, 39, 48, 49, 56, 57, 58, 59, 60, 62, 71, 72, 73, 74, 75, 76, 77, 78, 83, 84, 85, 86, 89, 92, 93, 94, 95, 98, 104, 112, 122, 127, 141, 151, 227], "summary": {"covered_lines": 40, "num_statements": 40, "percent_covered": 100.0, "percent_covered_display": "100", "missing_lines": 0, "excluded_lines": 0, "percent_statements_covered": 100.0, "percent_statements_covered_display": "100"}, "missing_lines": [], "excluded_lines": [], "start_line": 1}}, "classes": {"SurgeEpisode": {"executed_lines": [64, 65, 66, 67, 68], "summary": {"covered_lines": 5, "num_statements": 5, "percent_covered": 100.0, "percent_covered_display": "100", "missing_lines": 0, "excluded_lines": 0, "percent_statements_covered": 100.0, "percent_statements_covered_display": "100"}, "missing_lines": [], "excluded_lines": [], "start_line": 49}, "SyntheticConfig": {"executed_lines": [], "summary": {"covered_lines": 0, "num_statements": 0, "percent_covered": 100.0, "percent_covered_display": "100", "missing_lines": 0, "excluded_lines": 0, "percent_statements_covered": 100.0, "percent_statements_covered_display": "100"}, "missing_lines": [], "excluded_lines": [], "start_line": 72}, "SyntheticSource": {"executed_lines": [99, 100, 101, 107, 108, 109, 119, 120, 124, 125, 128, 129, 130, 132, 133, 134, 135, 139, 142, 143, 144, 145, 146, 147, 148, 153, 154, 155, 156, 158, 159, 160, 161, 162, 163, 164, 168, 169, 170, 172, 173, 176, 177, 178, 181, 182, 184, 185, 187, 189, 190, 209, 210, 211, 224], "summary": {"covered_lines": 55, "num_statements": 56, "percent_covered": 98.21428571428571, "percent_covered_display": "98", "missing_lines": 1, "excluded_lines": 0, "percent_statements_covered": 98.21428571428571, "percent_statements_covered_display": "98"}, "missing_lines": [138], "excluded_lines": [], "start_line": 89}, "": {"executed_lines": [28, 30, 31, 32, 33, 35, 39, 48, 49, 56, 57, 58, 59, 60, 62, 71, 72, 73, 74, 75, 76, 77, 78, 83, 84, 85, 86, 89, 92, 93, 94, 95, 98, 104, 112, 122, 127, 141, 151, 227, 233, 234, 235], "summary": {"covered_lines": 43, "num_statements": 43, "percent_covered": 100.0, "percent_covered_display": "100", "missing_lines": 0, "excluded_lines": 0, "percent_statements_covered": 100.0, "percent_statements_covered_display": "100"}, "missing_lines": [], "excluded_lines": [], "start_line": 1}}}, "src\\apix_index\\__init__.py": {"executed_lines": [2, 3, 4, 5, 6, 7, 8, 10, 11], "summary": {"covered_lines": 9, "num_statements": 9, "percent_covered": 100.0, "percent_covered_display": "100", "missing_lines": 0, "excluded_lines": 0, "percent_statements_covered": 100.0, "percent_statements_covered_display": "100"}, "missing_lines": [], "excluded_lines": [], "functions": {"": {"executed_lines": [2, 3, 4, 5, 6, 7, 8, 10, 11], "summary": {"covered_lines": 9, "num_statements": 9, "percent_covered": 100.0, "percent_covered_display": "100", "missing_lines": 0, "excluded_lines": 0, "percent_statements_covered": 100.0, "percent_statements_covered_display": "100"}, "missing_lines": [], "excluded_lines": [], "start_line": 1}}, "classes": {"": {"executed_lines": [2, 3, 4, 5, 6, 7, 8, 10, 11], "summary": {"covered_lines": 9, "num_statements": 9, "percent_covered": 100.0, "percent_covered_display": "100", "missing_lines": 0, "excluded_lines": 0, "percent_statements_covered": 100.0, "percent_statements_covered_display": "100"}, "missing_lines": [], "excluded_lines": [], "start_line": 1}}}, "src\\apix_index\\aggregate.py": {"executed_lines": [8, 10, 12, 13, 15, 18, 25, 26, 27, 28, 29, 30, 31, 32, 38, 42, 49, 50, 51, 52, 53, 54, 58, 59, 60, 66, 69, 76, 77, 78, 79, 80, 81, 84, 85, 86, 93, 96, 102, 104, 105, 106, 107, 108, 109, 112, 113, 118, 119, 120, 121, 122], "summary": {"covered_lines": 52, "num_statements": 56, "percent_covered": 92.85714285714286, "percent_covered_display": "93", "missing_lines": 4, "excluded_lines": 0, "percent_statements_covered": 92.85714285714286, "percent_statements_covered_display": "93"}, "missing_lines": [82, 83, 103, 111], "excluded_lines": [], "functions": {"aggregate_carriers": {"executed_lines": [25, 26, 27, 28, 29, 30, 31, 32, 38], "summary": {"covered_lines": 9, "num_statements": 9, "percent_covered": 100.0, "percent_covered_display": "100", "missing_lines": 0, "excluded_lines": 0, "percent_statements_covered": 100.0, "percent_statements_covered_display": "100"}, "missing_lines": [], "excluded_lines": [], "start_line": 18}, "aggregate_routes": {"executed_lines": [49, 50, 51, 52, 53, 54, 58, 59, 60, 66], "summary": {"covered_lines": 10, "num_statements": 10, "percent_covered": 100.0, "percent_covered_display": "100", "missing_lines": 0, "excluded_lines": 0, "percent_statements_covered": 100.0, "percent_statements_covered_display": "100"}, "missing_lines": [], "excluded_lines": [], "start_line": 42}, "aggregate_apw": {"executed_lines": [76, 77, 78, 79, 80, 81, 84, 85, 86, 93], "summary": {"covered_lines": 10, "num_statements": 12, "percent_covered": 83.33333333333333, "percent_covered_display": "83", "missing_lines": 2, "excluded_lines": 0, "percent_statements_covered": 83.33333333333333, "percent_statements_covered_display": "83"}, "missing_lines": [82, 83], "excluded_lines": [], "start_line": 69}, "to_frequency": {"executed_lines": [102, 104, 105, 106, 107, 108, 109, 112, 113, 118, 119, 120, 121, 122], "summary": {"covered_lines": 14, "num_statements": 16, "percent_covered": 87.5, "percent_covered_display": "88", "missing_lines": 2, "excluded_lines": 0, "percent_statements_covered": 87.5, "percent_statements_covered_display": "88"}, "missing_lines": [103, 111], "excluded_lines": [], "start_line": 96}, "": {"executed_lines": [8, 10, 12, 13, 15, 18, 42, 69, 96], "summary": {"covered_lines": 9, "num_statements": 9, "percent_covered": 100.0, "percent_covered_display": "100", "missing_lines": 0, "excluded_lines": 0, "percent_statements_covered": 100.0, "percent_statements_covered_display": "100"}, "missing_lines": [], "excluded_lines": [], "start_line": 1}}, "classes": {"": {"executed_lines": [8, 10, 12, 13, 15, 18, 25, 26, 27, 28, 29, 30, 31, 32, 38, 42, 49, 50, 51, 52, 53, 54, 58, 59, 60, 66, 69, 76, 77, 78, 79, 80, 81, 84, 85, 86, 93, 96, 102, 104, 105, 106, 107, 108, 109, 112, 113, 118, 119, 120, 121, 122], "summary": {"covered_lines": 52, "num_statements": 56, "percent_covered": 92.85714285714286, "percent_covered_display": "93", "missing_lines": 4, "excluded_lines": 0, "percent_statements_covered": 92.85714285714286, "percent_statements_covered_display": "93"}, "missing_lines": [82, 83, 103, 111], "excluded_lines": [], "start_line": 1}}}, "src\\apix_index\\availability.py": {"executed_lines": [12, 14, 17, 24, 25, 26, 27, 29, 32, 44, 45, 46, 48, 49], "summary": {"covered_lines": 14, "num_statements": 16, "percent_covered": 87.5, "percent_covered_display": "88", "missing_lines": 2, "excluded_lines": 0, "percent_statements_covered": 87.5, "percent_statements_covered_display": "88"}, "missing_lines": [28, 47], "excluded_lines": [], "functions": {"availability_ratio": {"executed_lines": [24, 25, 26, 27, 29], "summary": {"covered_lines": 5, "num_statements": 6, "percent_covered": 83.33333333333333, "percent_covered_display": "83", "missing_lines": 1, "excluded_lines": 0, "percent_statements_covered": 83.33333333333333, "percent_statements_covered_display": "83"}, "missing_lines": [28], "excluded_lines": [], "start_line": 17}, "blend": {"executed_lines": [44, 45, 46, 48, 49], "summary": {"covered_lines": 5, "num_statements": 6, "percent_covered": 83.33333333333333, "percent_covered_display": "83", "missing_lines": 1, "excluded_lines": 0, "percent_statements_covered": 83.33333333333333, "percent_statements_covered_display": "83"}, "missing_lines": [47], "excluded_lines": [], "start_line": 32}, "": {"executed_lines": [12, 14, 17, 32], "summary": {"covered_lines": 4, "num_statements": 4, "percent_covered": 100.0, "percent_covered_display": "100", "missing_lines": 0, "excluded_lines": 0, "percent_statements_covered": 100.0, "percent_statements_covered_display": "100"}, "missing_lines": [], "excluded_lines": [], "start_line": 1}}, "classes": {"": {"executed_lines": [12, 14, 17, 24, 25, 26, 27, 29, 32, 44, 45, 46, 48, 49], "summary": {"covered_lines": 14, "num_statements": 16, "percent_covered": 87.5, "percent_covered_display": "88", "missing_lines": 2, "excluded_lines": 0, "percent_statements_covered": 87.5, "percent_statements_covered_display": "88"}, "missing_lines": [28, 47], "excluded_lines": [], "start_line": 1}}}, "src\\apix_index\\elementary.py": {"executed_lines": [10, 12, 15, 16, 17, 19, 22, 23, 24, 25, 26, 27, 28, 31, 38, 39, 40, 43, 45, 46, 47, 50, 52, 53, 54, 57, 59, 60, 61, 64, 66, 67, 69, 72, 79, 80, 81, 83, 84], "summary": {"covered_lines": 39, "num_statements": 42, "percent_covered": 92.85714285714286, "percent_covered_display": "93", "missing_lines": 3, "excluded_lines": 0, "percent_statements_covered": 92.85714285714286, "percent_statements_covered_display": "93"}, "missing_lines": [18, 68, 82], "excluded_lines": [], "functions": {"_as_array": {"executed_lines": [16, 17, 19], "summary": {"covered_lines": 3, "num_statements": 4, "percent_covered": 75.0, "percent_covered_display": "75", "missing_lines": 1, "excluded_lines": 0, "percent_statements_covered": 75.0, "percent_statements_covered_display": "75"}, "missing_lines": [18], "excluded_lines": [], "start_line": 15}, "_validate_pair": {"executed_lines": [23, 24, 25, 26, 27, 28], "summary": {"covered_lines": 6, "num_statements": 6, "percent_covered": 100.0, "percent_covered_display": "100", "missing_lines": 0, "excluded_lines": 0, "percent_statements_covered": 100.0, "percent_statements_covered_display": "100"}, "missing_lines": [], "excluded_lines": [], "start_line": 22}, "jevons": {"executed_lines": [38, 39, 40], "summary": {"covered_lines": 3, "num_statements": 3, "percent_covered": 100.0, "percent_covered_display": "100", "missing_lines": 0, "excluded_lines": 0, "percent_statements_covered": 100.0, "percent_statements_covered_display": "100"}, "missing_lines": [], "excluded_lines": [], "start_line": 31}, "dutot": {"executed_lines": [45, 46, 47], "summary": {"covered_lines": 3, "num_statements": 3, "percent_covered": 100.0, "percent_covered_display": "100", "missing_lines": 0, "excluded_lines": 0, "percent_statements_covered": 100.0, "percent_statements_covered_display": "100"}, "missing_lines": [], "excluded_lines": [], "start_line": 43}, "carli": {"executed_lines": [52, 53, 54], "summary": {"covered_lines": 3, "num_statements": 3, "percent_covered": 100.0, "percent_covered_display": "100", "missing_lines": 0, "excluded_lines": 0, "percent_statements_covered": 100.0, "percent_statements_covered_display": "100"}, "missing_lines": [], "excluded_lines": [], "start_line": 50}, "log_relatives": {"executed_lines": [59, 60, 61], "summary": {"covered_lines": 3, "num_statements": 3, "percent_covered": 100.0, "percent_covered_display": "100", "missing_lines": 0, "excluded_lines": 0, "percent_statements_covered": 100.0, "percent_statements_covered_display": "100"}, "missing_lines": [], "excluded_lines": [], "start_line": 57}, "jevons_from_log_relatives": {"executed_lines": [66, 67, 69], "summary": {"covered_lines": 3, "num_statements": 4, "percent_covered": 75.0, "percent_covered_display": "75", "missing_lines": 1, "excluded_lines": 0, "percent_statements_covered": 75.0, "percent_statements_covered_display": "75"}, "missing_lines": [68], "excluded_lines": [], "start_line": 64}, "jevons_se": {"executed_lines": [79, 80, 81, 83, 84], "summary": {"covered_lines": 5, "num_statements": 6, "percent_covered": 83.33333333333333, "percent_covered_display": "83", "missing_lines": 1, "excluded_lines": 0, "percent_statements_covered": 83.33333333333333, "percent_statements_covered_display": "83"}, "missing_lines": [82], "excluded_lines": [], "start_line": 72}, "": {"executed_lines": [10, 12, 15, 22, 31, 43, 50, 57, 64, 72], "summary": {"covered_lines": 10, "num_statements": 10, "percent_covered": 100.0, "percent_covered_display": "100", "missing_lines": 0, "excluded_lines": 0, "percent_statements_covered": 100.0, "percent_statements_covered_display": "100"}, "missing_lines": [], "excluded_lines": [], "start_line": 1}}, "classes": {"": {"executed_lines": [10, 12, 15, 16, 17, 19, 22, 23, 24, 25, 26, 27, 28, 31, 38, 39, 40, 43, 45, 46, 47, 50, 52, 53, 54, 57, 59, 60, 61, 64, 66, 67, 69, 72, 79, 80, 81, 83, 84], "summary": {"covered_lines": 39, "num_statements": 42, "percent_covered": 92.85714285714286, "percent_covered_display": "93", "missing_lines": 3, "excluded_lines": 0, "percent_statements_covered": 92.85714285714286, "percent_statements_covered_display": "93"}, "missing_lines": [18, 68, 82], "excluded_lines": [], "start_line": 1}}}, "src\\apix_index\\engine.py": {"executed_lines": [15, 17, 19, 20, 22, 23, 24, 25, 26, 28, 30, 33, 34, 35, 37, 42, 43, 45, 46, 47, 48, 55, 64, 65, 66, 67, 68, 69, 70, 71, 74, 87, 88, 90, 92, 94, 95, 96, 97, 99, 101, 102, 105, 106, 107, 109, 111, 113, 114, 118, 120, 121, 122, 123, 125, 126, 129, 131, 136, 138, 140, 145, 146, 149, 150, 153, 154, 155, 161, 162, 163, 165, 168, 169, 170, 172, 176, 178, 179, 180, 182, 183, 185, 186, 187, 190, 192, 193, 194, 195, 196, 197, 198, 199, 200, 201, 204, 211, 212, 213, 214, 215, 216, 217, 219, 220, 221, 222, 223, 224, 225, 226, 227, 228, 229, 232, 252, 253, 254, 255, 256, 258, 259, 260, 261, 264, 265, 266, 267, 269, 270, 272, 274, 276, 277, 278, 279, 281, 285, 286, 288, 289, 290, 291, 292, 293, 294, 295, 296, 297, 299, 300, 301, 305, 309, 310, 311, 312, 316, 317, 318, 319, 323, 326, 328, 329, 330, 331, 333, 334, 335, 336, 338, 339, 340, 347, 348, 349, 350, 351, 355, 356, 357, 359, 360, 361, 363, 365, 368, 369, 382], "summary": {"covered_lines": 191, "num_statements": 200, "percent_covered": 95.5, "percent_covered_display": "96", "missing_lines": 9, "excluded_lines": 0, "percent_statements_covered": 95.5, "percent_statements_covered_display": "96"}, "missing_lines": [36, 89, 262, 268, 271, 282, 283, 307, 322], "excluded_lines": [], "functions": {"_prepare": {"executed_lines": [34, 35, 37, 42, 43, 45, 46, 47, 48, 55, 64, 65, 66, 67, 68, 69, 70, 71], "summary": {"covered_lines": 18, "num_statements": 19, "percent_covered": 94.73684210526316, "percent_covered_display": "95", "missing_lines": 1, "excluded_lines": 0, "percent_statements_covered": 94.73684210526316, "percent_statements_covered_display": "95"}, "missing_lines": [36], "excluded_lines": [], "start_line": 33}, "_cell_indices": {"executed_lines": [87, 88, 90, 92, 94, 95, 96, 97, 99, 101, 102, 105, 106, 107, 109, 111, 113, 114, 118, 120, 121, 122, 123, 125, 126, 129, 131, 136, 138, 140, 145, 146, 149, 150, 153, 154, 155, 161, 162, 163, 165, 168, 169, 170, 172, 176, 178, 179, 180, 182, 183, 185, 186, 187], "summary": {"covered_lines": 54, "num_statements": 55, "percent_covered": 98.18181818181819, "percent_covered_display": "98", "missing_lines": 1, "excluded_lines": 0, "percent_statements_covered": 98.18181818181819, "percent_statements_covered_display": "98"}, "missing_lines": [89], "excluded_lines": [], "start_line": 74}, "_smooth_cells": {"executed_lines": [192, 193, 194, 195, 196, 197, 198, 199, 200, 201], "summary": {"covered_lines": 10, "num_statements": 10, "percent_covered": 100.0, "percent_covered_display": "100", "missing_lines": 0, "excluded_lines": 0, "percent_statements_covered": 100.0, "percent_statements_covered_display": "100"}, "missing_lines": [], "excluded_lines": [], "start_line": 190}, "_effective_weights": {"executed_lines": [211, 212, 213, 214, 215, 216, 217, 219, 220, 221, 222, 223, 224, 225, 226, 227, 228, 229], "summary": {"covered_lines": 18, "num_statements": 18, "percent_covered": 100.0, "percent_covered_display": "100", "missing_lines": 0, "excluded_lines": 0, "percent_statements_covered": 100.0, "percent_statements_covered_display": "100"}, "missing_lines": [], "excluded_lines": [], "start_line": 204}, "_bootstrap_headline": {"executed_lines": [252, 253, 254, 255, 256, 258, 259, 260, 261, 264, 265, 266, 267, 269, 270, 272, 274, 276, 277, 278, 279, 281, 285, 286, 288, 289, 290, 291, 292, 293, 294, 295, 296, 297, 299, 300, 301, 305, 309, 310, 311, 312, 316, 317, 318, 319, 323], "summary": {"covered_lines": 47, "num_statements": 54, "percent_covered": 87.03703703703704, "percent_covered_display": "87", "missing_lines": 7, "excluded_lines": 0, "percent_statements_covered": 87.03703703703704, "percent_statements_covered_display": "87"}, "missing_lines": [262, 268, 271, 282, 283, 307, 322], "excluded_lines": [], "start_line": 232}, "compute": {"executed_lines": [328, 329, 330, 331, 333, 334, 335, 336, 338, 339, 340, 347, 348, 349, 350, 351, 355, 356, 357, 359, 360, 361, 363, 365, 368, 369, 382], "summary": {"covered_lines": 27, "num_statements": 27, "percent_covered": 100.0, "percent_covered_display": "100", "missing_lines": 0, "excluded_lines": 0, "percent_statements_covered": 100.0, "percent_statements_covered_display": "100"}, "missing_lines": [], "excluded_lines": [], "start_line": 326}, "": {"executed_lines": [15, 17, 19, 20, 22, 23, 24, 25, 26, 28, 30, 33, 74, 190, 204, 232, 326], "summary": {"covered_lines": 17, "num_statements": 17, "percent_covered": 100.0, "percent_covered_display": "100", "missing_lines": 0, "excluded_lines": 0, "percent_statements_covered": 100.0, "percent_statements_covered_display": "100"}, "missing_lines": [], "excluded_lines": [], "start_line": 1}}, "classes": {"": {"executed_lines": [15, 17, 19, 20, 22, 23, 24, 25, 26, 28, 30, 33, 34, 35, 37, 42, 43, 45, 46, 47, 48, 55, 64, 65, 66, 67, 68, 69, 70, 71, 74, 87, 88, 90, 92, 94, 95, 96, 97, 99, 101, 102, 105, 106, 107, 109, 111, 113, 114, 118, 120, 121, 122, 123, 125, 126, 129, 131, 136, 138, 140, 145, 146, 149, 150, 153, 154, 155, 161, 162, 163, 165, 168, 169, 170, 172, 176, 178, 179, 180, 182, 183, 185, 186, 187, 190, 192, 193, 194, 195, 196, 197, 198, 199, 200, 201, 204, 211, 212, 213, 214, 215, 216, 217, 219, 220, 221, 222, 223, 224, 225, 226, 227, 228, 229, 232, 252, 253, 254, 255, 256, 258, 259, 260, 261, 264, 265, 266, 267, 269, 270, 272, 274, 276, 277, 278, 279, 281, 285, 286, 288, 289, 290, 291, 292, 293, 294, 295, 296, 297, 299, 300, 301, 305, 309, 310, 311, 312, 316, 317, 318, 319, 323, 326, 328, 329, 330, 331, 333, 334, 335, 336, 338, 339, 340, 347, 348, 349, 350, 351, 355, 356, 357, 359, 360, 361, 363, 365, 368, 369, 382], "summary": {"covered_lines": 191, "num_statements": 200, "percent_covered": 95.5, "percent_covered_display": "96", "missing_lines": 9, "excluded_lines": 0, "percent_statements_covered": 95.5, "percent_statements_covered_display": "96"}, "missing_lines": [36, 89, 262, 268, 271, 282, 283, 307, 322], "excluded_lines": [], "start_line": 1}}}, "src\\apix_index\\smoothing.py": {"executed_lines": [11, 13, 14, 17, 24, 26, 27, 28, 29, 30, 33, 40, 41, 42, 43], "summary": {"covered_lines": 15, "num_statements": 16, "percent_covered": 93.75, "percent_covered_display": "94", "missing_lines": 1, "excluded_lines": 0, "percent_statements_covered": 93.75, "percent_statements_covered_display": "94"}, "missing_lines": [25], "excluded_lines": [], "functions": {"centred_geometric_ma": {"executed_lines": [24, 26, 27, 28, 29, 30], "summary": {"covered_lines": 6, "num_statements": 7, "percent_covered": 85.71428571428571, "percent_covered_display": "86", "missing_lines": 1, "excluded_lines": 0, "percent_statements_covered": 85.71428571428571, "percent_statements_covered_display": "86"}, "missing_lines": [25], "excluded_lines": [], "start_line": 17}, "geometric_mean": {"executed_lines": [40, 41, 42, 43], "summary": {"covered_lines": 4, "num_statements": 4, "percent_covered": 100.0, "percent_covered_display": "100", "missing_lines": 0, "excluded_lines": 0, "percent_statements_covered": 100.0, "percent_statements_covered_display": "100"}, "missing_lines": [], "excluded_lines": [], "start_line": 33}, "": {"executed_lines": [11, 13, 14, 17, 33], "summary": {"covered_lines": 5, "num_statements": 5, "percent_covered": 100.0, "percent_covered_display": "100", "missing_lines": 0, "excluded_lines": 0, "percent_statements_covered": 100.0, "percent_statements_covered_display": "100"}, "missing_lines": [], "excluded_lines": [], "start_line": 1}}, "classes": {"": {"executed_lines": [11, 13, 14, 17, 24, 26, 27, 28, 29, 30, 33, 40, 41, 42, 43], "summary": {"covered_lines": 15, "num_statements": 16, "percent_covered": 93.75, "percent_covered_display": "94", "missing_lines": 1, "excluded_lines": 0, "percent_statements_covered": 93.75, "percent_statements_covered_display": "94"}, "missing_lines": [25], "excluded_lines": [], "start_line": 1}}}, "src\\apix_index\\types.py": {"executed_lines": [9, 11, 12, 14, 21, 26, 29, 31, 32, 33, 36, 37, 39, 40, 41, 42, 43, 44, 45, 46, 47, 48, 49, 50, 51, 52, 53, 54, 56, 58, 59, 60, 62, 67, 68, 76, 77, 78, 79, 81, 83, 84, 85, 89, 91, 99, 100, 101, 102, 104, 107, 108, 110, 111, 112, 113, 114, 115, 116, 117, 118, 119], "summary": {"covered_lines": 62, "num_statements": 67, "percent_covered": 92.53731343283582, "percent_covered_display": "93", "missing_lines": 5, "excluded_lines": 0, "percent_statements_covered": 92.53731343283582, "percent_statements_covered_display": "93"}, "missing_lines": [61, 63, 64, 88, 103], "excluded_lines": [], "functions": {"MethodConfig.omega_vector": {"executed_lines": [58, 59, 60, 62], "summary": {"covered_lines": 4, "num_statements": 7, "percent_covered": 57.142857142857146, "percent_covered_display": "57", "missing_lines": 3, "excluded_lines": 0, "percent_statements_covered": 57.142857142857146, "percent_statements_covered_display": "57"}, "missing_lines": [61, 63, 64], "excluded_lines": [], "start_line": 56}, "WeightSet.normalised_routes": {"executed_lines": [83, 84, 85, 89], "summary": {"covered_lines": 4, "num_statements": 5, "percent_covered": 80.0, "percent_covered_display": "80", "missing_lines": 1, "excluded_lines": 0, "percent_statements_covered": 80.0, "percent_statements_covered_display": "80"}, "missing_lines": [88], "excluded_lines": [], "start_line": 81}, "WeightSet.normalised_carriers": {"executed_lines": [99, 100, 101, 102, 104], "summary": {"covered_lines": 5, "num_statements": 6, "percent_covered": 83.33333333333333, "percent_covered_display": "83", "missing_lines": 1, "excluded_lines": 0, "percent_statements_covered": 83.33333333333333, "percent_statements_covered_display": "83"}, "missing_lines": [103], "excluded_lines": [], "start_line": 91}, "": {"executed_lines": [9, 11, 12, 14, 21, 26, 29, 31, 32, 33, 36, 37, 39, 40, 41, 42, 43, 44, 45, 46, 47, 48, 49, 50, 51, 52, 53, 54, 56, 67, 68, 76, 77, 78, 79, 81, 91, 107, 108, 110, 111, 112, 113, 114, 115, 116, 117, 118, 119], "summary": {"covered_lines": 49, "num_statements": 49, "percent_covered": 100.0, "percent_covered_display": "100", "missing_lines": 0, "excluded_lines": 0, "percent_statements_covered": 100.0, "percent_statements_covered_display": "100"}, "missing_lines": [], "excluded_lines": [], "start_line": 1}}, "classes": {"MethodConfig": {"executed_lines": [58, 59, 60, 62], "summary": {"covered_lines": 4, "num_statements": 7, "percent_covered": 57.142857142857146, "percent_covered_display": "57", "missing_lines": 3, "excluded_lines": 0, "percent_statements_covered": 57.142857142857146, "percent_statements_covered_display": "57"}, "missing_lines": [61, 63, 64], "excluded_lines": [], "start_line": 37}, "WeightSet": {"executed_lines": [83, 84, 85, 89, 99, 100, 101, 102, 104], "summary": {"covered_lines": 9, "num_statements": 11, "percent_covered": 81.81818181818181, "percent_covered_display": "82", "missing_lines": 2, "excluded_lines": 0, "percent_statements_covered": 81.81818181818181, "percent_statements_covered_display": "82"}, "missing_lines": [88, 103], "excluded_lines": [], "start_line": 68}, "IndexResult": {"executed_lines": [], "summary": {"covered_lines": 0, "num_statements": 0, "percent_covered": 100.0, "percent_covered_display": "100", "missing_lines": 0, "excluded_lines": 0, "percent_statements_covered": 100.0, "percent_statements_covered_display": "100"}, "missing_lines": [], "excluded_lines": [], "start_line": 108}, "": {"executed_lines": [9, 11, 12, 14, 21, 26, 29, 31, 32, 33, 36, 37, 39, 40, 41, 42, 43, 44, 45, 46, 47, 48, 49, 50, 51, 52, 53, 54, 56, 67, 68, 76, 77, 78, 79, 81, 91, 107, 108, 110, 111, 112, 113, 114, 115, 116, 117, 118, 119], "summary": {"covered_lines": 49, "num_statements": 49, "percent_covered": 100.0, "percent_covered_display": "100", "missing_lines": 0, "excluded_lines": 0, "percent_statements_covered": 100.0, "percent_statements_covered_display": "100"}, "missing_lines": [], "excluded_lines": [], "start_line": 1}}}, "src\\apix_index\\uncertainty.py": {"executed_lines": [11, 13, 15, 18, 31, 32, 34, 35, 37, 38, 41, 42, 43, 44, 45, 46, 47, 48, 50, 51, 53, 54, 55, 58, 60, 61, 62, 64, 65], "summary": {"covered_lines": 29, "num_statements": 34, "percent_covered": 85.29411764705883, "percent_covered_display": "85", "missing_lines": 5, "excluded_lines": 0, "percent_statements_covered": 85.29411764705883, "percent_statements_covered_display": "85"}, "missing_lines": [33, 36, 39, 52, 63], "excluded_lines": [], "functions": {"flight_block_bootstrap": {"executed_lines": [31, 32, 34, 35, 37, 38, 41, 42, 43, 44, 45, 46, 47, 48, 50, 51, 53, 54, 55], "summary": {"covered_lines": 19, "num_statements": 23, "percent_covered": 82.6086956521739, "percent_covered_display": "83", "missing_lines": 4, "excluded_lines": 0, "percent_statements_covered": 82.6086956521739, "percent_statements_covered_display": "83"}, "missing_lines": [33, 36, 39, 52], "excluded_lines": [], "start_line": 18}, "delta_method_se": {"executed_lines": [60, 61, 62, 64, 65], "summary": {"covered_lines": 5, "num_statements": 6, "percent_covered": 83.33333333333333, "percent_covered_display": "83", "missing_lines": 1, "excluded_lines": 0, "percent_statements_covered": 83.33333333333333, "percent_statements_covered_display": "83"}, "missing_lines": [63], "excluded_lines": [], "start_line": 58}, "": {"executed_lines": [11, 13, 15, 18, 58], "summary": {"covered_lines": 5, "num_statements": 5, "percent_covered": 100.0, "percent_covered_display": "100", "missing_lines": 0, "excluded_lines": 0, "percent_statements_covered": 100.0, "percent_statements_covered_display": "100"}, "missing_lines": [], "excluded_lines": [], "start_line": 1}}, "classes": {"": {"executed_lines": [11, 13, 15, 18, 31, 32, 34, 35, 37, 38, 41, 42, 43, 44, 45, 46, 47, 48, 50, 51, 53, 54, 55, 58, 60, 61, 62, 64, 65], "summary": {"covered_lines": 29, "num_statements": 34, "percent_covered": 85.29411764705883, "percent_covered_display": "85", "missing_lines": 5, "excluded_lines": 0, "percent_statements_covered": 85.29411764705883, "percent_statements_covered_display": "85"}, "missing_lines": [33, 36, 39, 52, 63], "excluded_lines": [], "start_line": 1}}}, "src\\apix_pipeline\\__init__.py": {"executed_lines": [], "summary": {"covered_lines": 0, "num_statements": 0, "percent_covered": 100.0, "percent_covered_display": "100", "missing_lines": 0, "excluded_lines": 0, "percent_statements_covered": 100.0, "percent_statements_covered_display": "100"}, "missing_lines": [], "excluded_lines": [], "functions": {"": {"executed_lines": [], "summary": {"covered_lines": 0, "num_statements": 0, "percent_covered": 100.0, "percent_covered_display": "100", "missing_lines": 0, "excluded_lines": 0, "percent_statements_covered": 100.0, "percent_statements_covered_display": "100"}, "missing_lines": [], "excluded_lines": [], "start_line": 1}}, "classes": {"": {"executed_lines": [], "summary": {"covered_lines": 0, "num_statements": 0, "percent_covered": 100.0, "percent_covered_display": "100", "missing_lines": 0, "excluded_lines": 0, "percent_statements_covered": 100.0, "percent_statements_covered_display": "100"}, "missing_lines": [], "excluded_lines": [], "start_line": 1}}}, "src\\apix_pipeline\\backtest.py": {"executed_lines": [24, 26, 27, 28, 29, 31, 32, 35, 36, 38, 41, 42, 44, 45, 46, 49, 57, 58, 59, 60, 69, 75, 76, 78, 79, 82, 89, 93, 94, 98, 99, 100, 101, 102, 103, 106, 112, 113, 114, 115, 116, 117, 118, 120, 121, 122, 123, 126, 138, 140, 141, 142, 144, 145, 146, 148, 149, 151, 163, 164, 170, 171, 179, 180, 181, 182, 185, 186, 188, 190, 191, 192, 194, 201, 202, 203, 204, 205, 209, 210, 211, 212, 213, 215, 216, 217, 219, 220, 221, 222, 226, 227, 228, 231, 232, 233, 238, 239, 244], "summary": {"covered_lines": 99, "num_statements": 104, "percent_covered": 95.1923076923077, "percent_covered_display": "95", "missing_lines": 5, "excluded_lines": 0, "percent_statements_covered": 95.1923076923077, "percent_statements_covered_display": "95"}, "missing_lines": [37, 43, 77, 90, 187], "excluded_lines": [], "functions": {"_pearson": {"executed_lines": [36, 38], "summary": {"covered_lines": 2, "num_statements": 3, "percent_covered": 66.66666666666667, "percent_covered_display": "67", "missing_lines": 1, "excluded_lines": 0, "percent_statements_covered": 66.66666666666667, "percent_statements_covered_display": "67"}, "missing_lines": [37], "excluded_lines": [], "start_line": 35}, "_spearman": {"executed_lines": [42, 44, 45, 46], "summary": {"covered_lines": 4, "num_statements": 5, "percent_covered": 80.0, "percent_covered_display": "80", "missing_lines": 1, "excluded_lines": 0, "percent_statements_covered": 80.0, "percent_statements_covered_display": "80"}, "missing_lines": [43], "excluded_lines": [], "start_line": 41}, "bland_altman": {"executed_lines": [57, 58, 59, 60], "summary": {"covered_lines": 4, "num_statements": 4, "percent_covered": 100.0, "percent_covered_display": "100", "missing_lines": 0, "excluded_lines": 0, "percent_statements_covered": 100.0, "percent_statements_covered_display": "100"}, "missing_lines": [], "excluded_lines": [], "start_line": 49}, "directional_agreement": {"executed_lines": [75, 76, 78, 79], "summary": {"covered_lines": 4, "num_statements": 5, "percent_covered": 80.0, "percent_covered_display": "80", "missing_lines": 1, "excluded_lines": 0, "percent_statements_covered": 80.0, "percent_statements_covered_display": "80"}, "missing_lines": [77], "excluded_lines": [], "start_line": 69}, "rmse_vs_random_walk": {"executed_lines": [89, 93, 94, 98, 99, 100, 101, 102, 103], "summary": {"covered_lines": 9, "num_statements": 10, "percent_covered": 90.0, "percent_covered_display": "90", "missing_lines": 1, "excluded_lines": 0, "percent_statements_covered": 90.0, "percent_statements_covered_display": "90"}, "missing_lines": [90], "excluded_lines": [], "start_line": 82}, "lead_lag": {"executed_lines": [112, 113, 114, 115, 116, 117, 118, 120, 121, 122, 123], "summary": {"covered_lines": 11, "num_statements": 11, "percent_covered": 100.0, "percent_covered_display": "100", "missing_lines": 0, "excluded_lines": 0, "percent_statements_covered": 100.0, "percent_statements_covered_display": "100"}, "missing_lines": [], "excluded_lines": [], "start_line": 106}, "run": {"executed_lines": [138, 140, 141, 142, 144, 145, 146, 148, 149, 151, 163, 164, 170, 171, 179, 180, 181, 182, 185, 186, 188, 190, 191, 192, 194, 201, 202, 203, 204, 205, 209, 210, 211, 212, 213, 215, 216, 217, 219, 220, 221, 222, 226, 227, 228], "summary": {"covered_lines": 45, "num_statements": 46, "percent_covered": 97.82608695652173, "percent_covered_display": "98", "missing_lines": 1, "excluded_lines": 0, "percent_statements_covered": 97.82608695652173, "percent_statements_covered_display": "98"}, "missing_lines": [187], "excluded_lines": [], "start_line": 126}, "_persist": {"executed_lines": [232, 233, 238, 239, 244], "summary": {"covered_lines": 5, "num_statements": 5, "percent_covered": 100.0, "percent_covered_display": "100", "missing_lines": 0, "excluded_lines": 0, "percent_statements_covered": 100.0, "percent_statements_covered_display": "100"}, "missing_lines": [], "excluded_lines": [], "start_line": 231}, "": {"executed_lines": [24, 26, 27, 28, 29, 31, 32, 35, 41, 49, 69, 82, 106, 126, 231], "summary": {"covered_lines": 15, "num_statements": 15, "percent_covered": 100.0, "percent_covered_display": "100", "missing_lines": 0, "excluded_lines": 0, "percent_statements_covered": 100.0, "percent_statements_covered_display": "100"}, "missing_lines": [], "excluded_lines": [], "start_line": 1}}, "classes": {"": {"executed_lines": [24, 26, 27, 28, 29, 31, 32, 35, 36, 38, 41, 42, 44, 45, 46, 49, 57, 58, 59, 60, 69, 75, 76, 78, 79, 82, 89, 93, 94, 98, 99, 100, 101, 102, 103, 106, 112, 113, 114, 115, 116, 117, 118, 120, 121, 122, 123, 126, 138, 140, 141, 142, 144, 145, 146, 148, 149, 151, 163, 164, 170, 171, 179, 180, 181, 182, 185, 186, 188, 190, 191, 192, 194, 201, 202, 203, 204, 205, 209, 210, 211, 212, 213, 215, 216, 217, 219, 220, 221, 222, 226, 227, 228, 231, 232, 233, 238, 239, 244], "summary": {"covered_lines": 99, "num_statements": 104, "percent_covered": 95.1923076923077, "percent_covered_display": "95", "missing_lines": 5, "excluded_lines": 0, "percent_statements_covered": 95.1923076923077, "percent_statements_covered_display": "95"}, "missing_lines": [37, 43, 77, 90, 187], "excluded_lines": [], "start_line": 1}}}, "src\\apix_pipeline\\clean.py": {"executed_lines": [17, 19, 21, 22, 24, 30, 32, 35, 36, 39, 45, 46, 51, 52, 53, 54, 56, 58, 60, 62, 63, 65, 66, 67, 68, 69, 80, 81, 82, 83, 84, 86, 87, 88, 91, 99, 100, 101, 102, 104, 105, 106, 108, 109, 110, 112, 113, 114, 115, 116, 118, 120, 121, 122, 123, 124, 128, 129, 130, 132, 135, 143, 144, 145, 146, 147, 148, 149, 151, 153, 154, 155, 156, 159, 167, 168, 169, 175, 176, 177, 179, 180, 181, 182, 183, 190, 191, 192, 194, 195, 200, 201, 203, 204, 207, 211, 212, 213, 214, 215, 218, 219], "summary": {"covered_lines": 102, "num_statements": 105, "percent_covered": 97.14285714285714, "percent_covered_display": "97", "missing_lines": 3, "excluded_lines": 0, "percent_statements_covered": 97.14285714285714, "percent_statements_covered_display": "97"}, "missing_lines": [111, 126, 198], "excluded_lines": [], "functions": {"_cell_key": {"executed_lines": [36], "summary": {"covered_lines": 1, "num_statements": 1, "percent_covered": 100.0, "percent_covered_display": "100", "missing_lines": 0, "excluded_lines": 0, "percent_statements_covered": 100.0, "percent_statements_covered_display": "100"}, "missing_lines": [], "excluded_lines": [], "start_line": 35}, "hard_validity_gates": {"executed_lines": [45, 46, 51, 56, 58, 60, 65, 66, 67, 68, 69, 80, 81, 82, 83, 84, 86, 87, 88], "summary": {"covered_lines": 19, "num_statements": 19, "percent_covered": 100.0, "percent_covered_display": "100", "missing_lines": 0, "excluded_lines": 0, "percent_statements_covered": 100.0, "percent_statements_covered_display": "100"}, "missing_lines": [], "excluded_lines": [], "start_line": 39}, "hard_validity_gates.component": {"executed_lines": [52, 53, 54], "summary": {"covered_lines": 3, "num_statements": 3, "percent_covered": 100.0, "percent_covered_display": "100", "missing_lines": 0, "excluded_lines": 0, "percent_statements_covered": 100.0, "percent_statements_covered_display": "100"}, "missing_lines": [], "excluded_lines": [], "start_line": 51}, "hard_validity_gates.flag": {"executed_lines": [62, 63], "summary": {"covered_lines": 2, "num_statements": 2, "percent_covered": 100.0, "percent_covered_display": "100", "missing_lines": 0, "excluded_lines": 0, "percent_statements_covered": 100.0, "percent_statements_covered_display": "100"}, "missing_lines": [], "excluded_lines": [], "start_line": 60}, "flag_outliers": {"executed_lines": [99, 100, 101, 102, 104, 105, 106, 108, 109, 110, 112, 113, 114, 115, 116, 118, 120, 121, 122, 123, 124, 128, 129, 130, 132], "summary": {"covered_lines": 25, "num_statements": 27, "percent_covered": 92.5925925925926, "percent_covered_display": "93", "missing_lines": 2, "excluded_lines": 0, "percent_statements_covered": 92.5925925925926, "percent_statements_covered_display": "93"}, "missing_lines": [111, 126], "excluded_lines": [], "start_line": 91}, "longitudinal_jump_test": {"executed_lines": [143, 144, 145, 146, 147, 148, 149, 151, 153, 154, 155, 156], "summary": {"covered_lines": 12, "num_statements": 12, "percent_covered": 100.0, "percent_covered_display": "100", "missing_lines": 0, "excluded_lines": 0, "percent_statements_covered": 100.0, "percent_statements_covered_display": "100"}, "missing_lines": [], "excluded_lines": [], "start_line": 135}, "assign_dispositions": {"executed_lines": [167, 168, 169, 175, 176, 177, 179, 180, 181, 182, 183, 190, 191, 192, 194, 195, 200, 201, 203, 204], "summary": {"covered_lines": 20, "num_statements": 21, "percent_covered": 95.23809523809524, "percent_covered_display": "95", "missing_lines": 1, "excluded_lines": 0, "percent_statements_covered": 95.23809523809524, "percent_statements_covered_display": "95"}, "missing_lines": [198], "excluded_lines": [], "start_line": 159}, "clean": {"executed_lines": [211, 212, 213, 214, 215], "summary": {"covered_lines": 5, "num_statements": 5, "percent_covered": 100.0, "percent_covered_display": "100", "missing_lines": 0, "excluded_lines": 0, "percent_statements_covered": 100.0, "percent_statements_covered_display": "100"}, "missing_lines": [], "excluded_lines": [], "start_line": 207}, "disposition_summary": {"executed_lines": [219], "summary": {"covered_lines": 1, "num_statements": 1, "percent_covered": 100.0, "percent_covered_display": "100", "missing_lines": 0, "excluded_lines": 0, "percent_statements_covered": 100.0, "percent_statements_covered_display": "100"}, "missing_lines": [], "excluded_lines": [], "start_line": 218}, "": {"executed_lines": [17, 19, 21, 22, 24, 30, 32, 35, 39, 91, 135, 159, 207, 218], "summary": {"covered_lines": 14, "num_statements": 14, "percent_covered": 100.0, "percent_covered_display": "100", "missing_lines": 0, "excluded_lines": 0, "percent_statements_covered": 100.0, "percent_statements_covered_display": "100"}, "missing_lines": [], "excluded_lines": [], "start_line": 1}}, "classes": {"": {"executed_lines": [17, 19, 21, 22, 24, 30, 32, 35, 36, 39, 45, 46, 51, 52, 53, 54, 56, 58, 60, 62, 63, 65, 66, 67, 68, 69, 80, 81, 82, 83, 84, 86, 87, 88, 91, 99, 100, 101, 102, 104, 105, 106, 108, 109, 110, 112, 113, 114, 115, 116, 118, 120, 121, 122, 123, 124, 128, 129, 130, 132, 135, 143, 144, 145, 146, 147, 148, 149, 151, 153, 154, 155, 156, 159, 167, 168, 169, 175, 176, 177, 179, 180, 181, 182, 183, 190, 191, 192, 194, 195, 200, 201, 203, 204, 207, 211, 212, 213, 214, 215, 218, 219], "summary": {"covered_lines": 102, "num_statements": 105, "percent_covered": 97.14285714285714, "percent_covered_display": "97", "missing_lines": 3, "excluded_lines": 0, "percent_statements_covered": 97.14285714285714, "percent_statements_covered_display": "97"}, "missing_lines": [111, 126, 198], "excluded_lines": [], "start_line": 1}}}, "src\\apix_pipeline\\decompose.py": {"executed_lines": [15, 17, 18, 20, 21, 24, 32, 34, 37, 39, 41, 42, 44, 45, 46, 49, 50, 51, 53, 54, 55, 57, 58, 59, 62, 76, 77, 78, 88, 89, 90, 92, 93, 94, 96, 98, 99, 101, 102, 103, 104, 105, 107, 108, 109, 111, 112, 113, 116, 117, 118, 122, 124, 126, 129], "summary": {"covered_lines": 55, "num_statements": 62, "percent_covered": 88.70967741935483, "percent_covered_display": "89", "missing_lines": 7, "excluded_lines": 0, "percent_statements_covered": 88.70967741935483, "percent_statements_covered_display": "89"}, "missing_lines": [79, 81, 82, 130, 131, 132, 133], "excluded_lines": [], "functions": {"ChargeBook.__init__": {"executed_lines": [34, 37, 39, 41, 42], "summary": {"covered_lines": 5, "num_statements": 5, "percent_covered": 100.0, "percent_covered_display": "100", "missing_lines": 0, "excluded_lines": 0, "percent_statements_covered": 100.0, "percent_statements_covered_display": "100"}, "missing_lines": [], "excluded_lines": [], "start_line": 32}, "ChargeBook._in_force": {"executed_lines": [46], "summary": {"covered_lines": 1, "num_statements": 1, "percent_covered": 100.0, "percent_covered_display": "100", "missing_lines": 0, "excluded_lines": 0, "percent_statements_covered": 100.0, "percent_statements_covered_display": "100"}, "missing_lines": [], "excluded_lines": [], "start_line": 45}, "ChargeBook.udf": {"executed_lines": [50, 51], "summary": {"covered_lines": 2, "num_statements": 2, "percent_covered": 100.0, "percent_covered_display": "100", "missing_lines": 0, "excluded_lines": 0, "percent_statements_covered": 100.0, "percent_statements_covered_display": "100"}, "missing_lines": [], "excluded_lines": [], "start_line": 49}, "ChargeBook.asf": {"executed_lines": [54, 55], "summary": {"covered_lines": 2, "num_statements": 2, "percent_covered": 100.0, "percent_covered_display": "100", "missing_lines": 0, "excluded_lines": 0, "percent_statements_covered": 100.0, "percent_statements_covered_display": "100"}, "missing_lines": [], "excluded_lines": [], "start_line": 53}, "ChargeBook.gst_rate": {"executed_lines": [58, 59], "summary": {"covered_lines": 2, "num_statements": 2, "percent_covered": 100.0, "percent_covered_display": "100", "missing_lines": 0, "excluded_lines": 0, "percent_statements_covered": 100.0, "percent_statements_covered_display": "100"}, "missing_lines": [], "excluded_lines": [], "start_line": 57}, "decompose": {"executed_lines": [76, 77, 78, 88, 89, 90, 92, 93, 94, 96, 98, 99, 101, 102, 103, 104, 105, 107, 108, 109, 111, 112, 113, 116, 117, 118, 122, 124, 126], "summary": {"covered_lines": 29, "num_statements": 32, "percent_covered": 90.625, "percent_covered_display": "91", "missing_lines": 3, "excluded_lines": 0, "percent_statements_covered": 90.625, "percent_statements_covered_display": "91"}, "missing_lines": [79, 81, 82], "excluded_lines": [], "start_line": 62}, "variant_price": {"executed_lines": [], "summary": {"covered_lines": 0, "num_statements": 4, "percent_covered": 0.0, "percent_covered_display": "0", "missing_lines": 4, "excluded_lines": 0, "percent_statements_covered": 0.0, "percent_statements_covered_display": "0"}, "missing_lines": [130, 131, 132, 133], "excluded_lines": [], "start_line": 129}, "": {"executed_lines": [15, 17, 18, 20, 21, 24, 32, 44, 45, 49, 53, 57, 62, 129], "summary": {"covered_lines": 14, "num_statements": 14, "percent_covered": 100.0, "percent_covered_display": "100", "missing_lines": 0, "excluded_lines": 0, "percent_statements_covered": 100.0, "percent_statements_covered_display": "100"}, "missing_lines": [], "excluded_lines": [], "start_line": 1}}, "classes": {"ChargeBook": {"executed_lines": [34, 37, 39, 41, 42, 46, 50, 51, 54, 55, 58, 59], "summary": {"covered_lines": 12, "num_statements": 12, "percent_covered": 100.0, "percent_covered_display": "100", "missing_lines": 0, "excluded_lines": 0, "percent_statements_covered": 100.0, "percent_statements_covered_display": "100"}, "missing_lines": [], "excluded_lines": [], "start_line": 24}, "": {"executed_lines": [15, 17, 18, 20, 21, 24, 32, 44, 45, 49, 53, 57, 62, 76, 77, 78, 88, 89, 90, 92, 93, 94, 96, 98, 99, 101, 102, 103, 104, 105, 107, 108, 109, 111, 112, 113, 116, 117, 118, 122, 124, 126, 129], "summary": {"covered_lines": 43, "num_statements": 50, "percent_covered": 86.0, "percent_covered_display": "86", "missing_lines": 7, "excluded_lines": 0, "percent_statements_covered": 86.0, "percent_statements_covered_display": "86"}, "missing_lines": [79, 81, 82, 130, 131, 132, 133], "excluded_lines": [], "start_line": 1}}}, "src\\apix_pipeline\\elasticity.py": {"executed_lines": [28, 30, 31, 33, 34, 37, 38, 39, 40, 41, 42, 43, 44, 45, 46, 47, 48, 49, 50, 51, 52, 54, 56, 57, 59, 61, 62, 63, 70, 71, 72, 73, 74, 75, 76, 77, 78, 81, 86, 87, 88, 89, 91, 92, 93, 94, 96, 97, 99, 100, 101, 103, 104, 105, 106, 107, 108, 110, 111, 112, 113, 115, 116, 117, 118, 120, 121, 122, 123, 125, 126, 127, 128, 130, 131, 132, 133, 136, 137, 139, 140, 141, 142, 143, 144, 145, 146, 147, 148, 149, 151, 152, 153, 154, 156, 157, 158, 159, 160, 161, 162, 167, 171, 181, 184, 185, 186, 187, 191, 203, 205, 206, 207, 208, 209, 212, 213, 214, 215, 216, 217, 218, 220, 221], "summary": {"covered_lines": 124, "num_statements": 130, "percent_covered": 95.38461538461539, "percent_covered_display": "95", "missing_line
[...]
20, 221, 222, 223, 226, 227, 228], "summary": {"covered_lines": 104, "num_statements": 105, "percent_covered": 99.04761904761905, "percent_covered_display": "99", "missing_lines": 1, "excluded_lines": 0, "percent_statements_covered": 99.04761904761905, "percent_statements_covered_display": "99"}, "missing_lines": [84], "excluded_lines": [], "functions": {"attach_variant_prices": {"executed_lines": [38, 39, 41, 42, 44, 45, 47, 48, 49, 50, 51, 54, 55, 56, 57], "summary": {"covered_lines": 15, "num_statements": 15, "percent_covered": 100.0, "percent_covered_display": "100", "missing_lines": 0, "excluded_lines": 0, "percent_statements_covered": 100.0, "percent_statements_covered_display": "100"}, "missing_lines": [], "excluded_lines": [], "start_line": 25}, "_index_id": {"executed_lines": [63, 65], "summary": {"covered_lines": 2, "num_statements": 2, "percent_covered": 100.0, "percent_covered_display": "100", "missing_lines": 0, "excluded_lines": 0, "percent_statements_covered": 100.0, "percent_statements_covered_display": "100"}, "missing_lines": [], "excluded_lines": [], "start_line": 60}, "run": {"executed_lines": [77, 78, 79, 80, 82, 83, 85, 87, 88, 89, 90, 91, 92, 93, 95, 96, 98, 99, 100, 101, 102, 104, 105, 106, 107, 108, 109, 117, 118, 120, 131, 132, 133, 135, 136, 137, 139, 140, 146, 147, 148, 149, 150, 152, 153, 157, 159], "summary": {"covered_lines": 47, "num_statements": 48, "percent_covered": 97.91666666666667, "percent_covered_display": "98", "missing_lines": 1, "excluded_lines": 0, "percent_statements_covered": 97.91666666666667, "percent_statements_covered_display": "98"}, "missing_lines": [84], "excluded_lines": [], "start_line": 68}, "_write_cells": {"executed_lines": [178, 179, 180, 181, 182, 187, 188, 189, 192, 193, 194, 198, 199], "summary": {"covered_lines": 13, "num_statements": 13, "percent_covered": 100.0, "percent_covered_display": "100", "missing_lines": 0, "excluded_lines": 0, "percent_statements_covered": 100.0, "percent_statements_covered_display": "100"}, "missing_lines": [], "excluded_lines": [], "start_line": 170}, "_row": {"executed_lines": [204, 205], "summary": {"covered_lines": 2, "num_statements": 2, "percent_covered": 100.0, "percent_covered_display": "100", "missing_lines": 0, "excluded_lines": 0, "percent_statements_covered": 100.0, "percent_statements_covered_display": "100"}, "missing_lines": [], "excluded_lines": [], "start_line": 202}, "_opt": {"executed_lines": [219, 220, 221, 222, 223], "summary": {"covered_lines": 5, "num_statements": 5, "percent_covered": 100.0, "percent_covered_display": "100", "missing_lines": 0, "excluded_lines": 0, "percent_statements_covered": 100.0, "percent_statements_covered_display": "100"}, "missing_lines": [], "excluded_lines": [], "start_line": 218}, "_opti": {"executed_lines": [227, 228], "summary": {"covered_lines": 2, "num_statements": 2, "percent_covered": 100.0, "percent_covered_display": "100", "missing_lines": 0, "excluded_lines": 0, "percent_statements_covered": 100.0, "percent_statements_covered_display": "100"}, "missing_lines": [], "excluded_lines": [], "start_line": 226}, "": {"executed_lines": [6, 8, 9, 10, 11, 13, 14, 16, 17, 18, 21, 25, 60, 68, 170, 202, 218, 226], "summary": {"covered_lines": 18, "num_statements": 18, "percent_covered": 100.0, "percent_covered_display": "100", "missing_lines": 0, "excluded_lines": 0, "percent_statements_covered": 100.0, "percent_statements_covered_display": "100"}, "missing_lines": [], "excluded_lines": [], "start_line": 1}}, "classes": {"PublicationBlocked": {"executed_lines": [], "summary": {"covered_lines": 0, "num_statements": 0, "percent_covered": 100.0, "percent_covered_display": "100", "missing_lines": 0, "excluded_lines": 0, "percent_statements_covered": 100.0, "percent_statements_covered_display": "100"}, "missing_lines": [], "excluded_lines": [], "start_line": 21}, "": {"executed_lines": [6, 8, 9, 10, 11, 13, 14, 16, 17, 18, 21, 25, 38, 39, 41, 42, 44, 45, 47, 48, 49, 50, 51, 54, 55, 56, 57, 60, 63, 65, 68, 77, 78, 79, 80, 82, 83, 85, 87, 88, 89, 90, 91, 92, 93, 95, 96, 98, 99, 100, 101, 102, 104, 105, 106, 107, 108, 109, 117, 118, 120, 131, 132, 133, 135, 136, 137, 139, 140, 146, 147, 148, 149, 150, 152, 153, 157, 159, 170, 178, 179, 180, 181, 182, 187, 188, 189, 192, 193, 194, 198, 199, 202, 204, 205, 218, 219, 220, 221, 222, 223, 226, 227, 228], "summary": {"covered_lines": 104, "num_statements": 105, "percent_covered": 99.04761904761905, "percent_covered_display": "99", "missing_lines": 1, "excluded_lines": 0, "percent_statements_covered": 99.04761904761905, "percent_statements_covered_display": "99"}, "missing_lines": [84], "excluded_lines": [], "start_line": 1}}}, "src\\apix_reference\\__init__.py": {"executed_lines": [], "summary": {"covered_lines": 0, "num_statements": 0, "percent_covered": 100.0, "percent_covered_display": "100", "missing_lines": 0, "excluded_lines": 0, "percent_statements_covered": 100.0, "percent_statements_covered_display": "100"}, "missing_lines": [], "excluded_lines": [], "functions": {"": {"executed_lines": [], "summary": {"covered_lines": 0, "num_statements": 0, "percent_covered": 100.0, "percent_covered_display": "100", "missing_lines": 0, "excluded_lines": 0, "percent_statements_covered": 100.0, "percent_statements_covered_display": "100"}, "missing_lines": [], "excluded_lines": [], "start_line": 1}}, "classes": {"": {"executed_lines": [], "summary": {"covered_lines": 0, "num_statements": 0, "percent_covered": 100.0, "percent_covered_display": "100", "missing_lines": 0, "excluded_lines": 0, "percent_statements_covered": 100.0, "percent_statements_covered_display": "100"}, "missing_lines": [], "excluded_lines": [], "start_line": 1}}}, "src\\apix_reference\\cpi.py": {"executed_lines": [29, 31, 32, 33, 34, 36, 38, 44, 51, 52, 53, 54, 55, 56, 57, 58, 59, 61, 62, 63, 64, 67, 69, 70, 71, 72, 73, 77, 79, 81, 82, 84, 85, 86, 87, 88, 89, 90, 91, 93, 94, 95, 96, 97, 99, 100, 102, 105, 127, 168, 175, 176, 180, 183, 192, 199], "summary": {"covered_lines": 56, "num_statements": 89, "percent_covered": 62.92134831460674, "percent_covered_display": "63", "missing_lines": 33, "excluded_lines": 0, "percent_statements_covered": 62.92134831460674, "percent_statements_covered_display": "63"}, "missing_lines": [107, 108, 109, 110, 111, 112, 116, 117, 118, 119, 121, 122, 123, 124, 129, 130, 131, 132, 134, 135, 137, 138, 139, 140, 141, 142, 144, 150, 155, 156, 163, 165, 185], "excluded_lines": [], "functions": {"_month_number": {"executed_lines": [52, 53, 54, 55, 56, 57, 58, 59, 61, 62, 63, 64], "summary": {"covered_lines": 12, "num_statements": 12, "percent_covered": 100.0, "percent_covered_display": "100", "missing_lines": 0, "excluded_lines": 0, "percent_statements_covered": 100.0, "percent_statements_covered_display": "100"}, "missing_lines": [], "excluded_lines": [], "start_line": 51}, "_tidy": {"executed_lines": [69, 70, 71, 72, 73, 77, 79, 81, 82, 84, 85, 86, 87, 88, 89, 90, 91, 93, 94, 95, 96, 97, 99, 100, 102], "summary": {"covered_lines": 25, "num_statements": 25, "percent_covered": 100.0, "percent_covered_display": "100", "missing_lines": 0, "excluded_lines": 0, "percent_statements_covered": 100.0, "percent_statements_covered_display": "100"}, "missing_lines": [], "excluded_lines": [], "start_line": 67}, "load_workbook": {"executed_lines": [], "summary": {"covered_lines": 0, "num_statements": 14, "percent_covered": 0.0, "percent_covered_display": "0", "missing_lines": 14, "excluded_lines": 0, "percent_statements_covered": 0.0, "percent_statements_covered_display": "0"}, "missing_lines": [107, 108, 109, 110, 111, 112, 116, 117, 118, 119, 121, 122, 123, 124], "excluded_lines": [], "start_line": 105}, "load_directory": {"executed_lines": [], "summary": {"covered_lines": 0, "num_statements": 18, "percent_covered": 0.0, "percent_covered_display": "0", "missing_lines": 18, "excluded_lines": 0, "percent_statements_covered": 0.0, "percent_statements_covered_display": "0"}, "missing_lines": [129, 130, 131, 132, 134, 135, 137, 138, 139, 140, 141, 142, 144, 150, 155, 156, 163, 165], "excluded_lines": [], "start_line": 127}, "transport_series": {"executed_lines": [175, 176, 180], "summary": {"covered_lines": 3, "num_statements": 3, "percent_covered": 100.0, "percent_covered_display": "100", "missing_lines": 0, "excluded_lines": 0, "percent_statements_covered": 100.0, "percent_statements_covered_display": "100"}, "missing_lines": [], "excluded_lines": [], "start_line": 168}, "available_series": {"executed_lines": [], "summary": {"covered_lines": 0, "num_statements": 1, "percent_covered": 0.0, "percent_covered_display": "0", "missing_lines": 1, "excluded_lines": 0, "percent_statements_covered": 0.0, "percent_statements_covered_display": "0"}, "missing_lines": [185], "excluded_lines": [], "start_line": 183}, "find_air_fare_item": {"executed_lines": [199], "summary": {"covered_lines": 1, "num_statements": 1, "percent_covered": 100.0, "percent_covered_display": "100", "missing_lines": 0, "excluded_lines": 0, "percent_statements_covered": 100.0, "percent_statements_covered_display": "100"}, "missing_lines": [], "excluded_lines": [], "start_line": 192}, "": {"executed_lines": [29, 31, 32, 33, 34, 36, 38, 44, 51, 67, 105, 127, 168, 183, 192], "summary": {"covered_lines": 15, "num_statements": 15, "percent_covered": 100.0, "percent_covered_display": "100", "missing_lines": 0, "excluded_lines": 0, "percent_statements_covered": 100.0, "percent_statements_covered_display": "100"}, "missing_lines": [], "excluded_lines": [], "start_line": 1}}, "classes": {"": {"executed_lines": [29, 31, 32, 33, 34, 36, 38, 44, 51, 52, 53, 54, 55, 56, 57, 58, 59, 61, 62, 63, 64, 67, 69, 70, 71, 72, 73, 77, 79, 81, 82, 84, 85, 86, 87, 88, 89, 90, 91, 93, 94, 95, 96, 97, 99, 100, 102, 105, 127, 168, 175, 176, 180, 183, 192, 199], "summary": {"covered_lines": 56, "num_statements": 89, "percent_covered": 62.92134831460674, "percent_covered_display": "63", "missing_lines": 33, "excluded_lines": 0, "percent_statements_covered": 62.92134831460674, "percent_statements_covered_display": "63"}, "missing_lines": [107, 108, 109, 110, 111, 112, 116, 117, 118, 119, 121, 122, 123, 124, 129, 130, 131, 132, 134, 135, 137, 138, 139, 140, 141, 142, 144, 150, 155, 156, 163, 165, 185], "excluded_lines": [], "start_line": 1}}}, "src\\apix_store\\__init__.py": {"executed_lines": [], "summary": {"covered_lines": 0, "num_statements": 0, "percent_covered": 100.0, "percent_covered_display": "100", "missing_lines": 0, "excluded_lines": 0, "percent_statements_covered": 100.0, "percent_statements_covered_display": "100"}, "missing_lines": [], "excluded_lines": [], "functions": {"": {"executed_lines": [], "summary": {"covered_lines": 0, "num_statements": 0, "percent_covered": 100.0, "percent_covered_display": "100", "missing_lines": 0, "excluded_lines": 0, "percent_statements_covered": 100.0, "percent_statements_covered_display": "100"}, "missing_lines": [], "excluded_lines": [], "start_line": 1}}, "classes": {"": {"executed_lines": [], "summary": {"covered_lines": 0, "num_statements": 0, "percent_covered": 100.0, "percent_covered_display": "100", "missing_lines": 0, "excluded_lines": 0, "percent_statements_covered": 100.0, "percent_statements_covered_display": "100"}, "missing_lines": [], "excluded_lines": [], "start_line": 1}}}, "src\\apix_store\\db.py": {"executed_lines": [7, 9, 10, 11, 12, 13, 14, 15, 17, 19, 20, 21, 22, 24, 25, 30, 32, 33, 34, 35, 36, 37, 40, 41, 44, 45, 46, 47, 48, 49, 50, 53, 54, 55, 56, 62, 67, 68, 69, 70, 71, 72, 77, 78, 79, 80, 83, 89, 90, 91, 92, 93, 94, 95, 96, 110, 115, 117, 119, 120, 121, 122, 123, 130, 132, 133, 134, 140, 142, 143, 149, 151, 152, 153, 159, 161, 162, 167, 169, 170, 173, 176, 177, 178, 179, 180, 181, 183, 184, 188, 189, 194, 209, 211, 212, 213, 214, 221, 222, 225, 237, 238, 239, 240, 241, 242, 243, 244, 245, 246, 247, 248, 249, 251, 252, 259, 261, 269, 271, 272, 273, 274, 277, 278, 281, 283, 284, 285, 288, 289, 296, 297, 300, 312, 313, 314, 315, 317, 320, 321], "summary": {"covered_lines": 140, "num_statements": 143, "percent_covered": 97.9020979020979, "percent_covered_display": "98", "missing_lines": 3, "excluded_lines": 0, "percent_statements_covered": 97.9020979020979, "percent_statements_covered_display": "98"}, "missing_lines": [302, 307, 316], "excluded_lines": [], "functions": {"load_config": {"executed_lines": [32, 33, 34, 35, 36, 37], "summary": {"covered_lines": 6, "num_statements": 6, "percent_covered": 100.0, "percent_covered_display": "100", "missing_lines": 0, "excluded_lines": 0, "percent_statements_covered": 100.0, "percent_statements_covered_display": "100"}, "missing_lines": [], "excluded_lines": [], "start_line": 30}, "db_path": {"executed_lines": [41], "summary": {"covered_lines": 1, "num_statements": 1, "percent_covered": 100.0, "percent_covered_display": "100", "missing_lines": 0, "excluded_lines": 0, "percent_statements_covered": 100.0, "percent_statements_covered_display": "100"}, "missing_lines": [], "excluded_lines": [], "start_line": 40}, "connect": {"executed_lines": [45, 46, 47, 48, 49, 50], "summary": {"covered_lines": 6, "num_statements": 6, "percent_covered": 100.0, "percent_covered_display": "100", "missing_lines": 0, "excluded_lines": 0, "percent_statements_covered": 100.0, "percent_statements_covered_display": "100"}, "missing_lines": [], "excluded_lines": [], "start_line": 44}, "init_schema": {"executed_lines": [54, 55, 56], "summary": {"covered_lines": 3, "num_statements": 3, "percent_covered": 100.0, "percent_covered_display": "100", "missing_lines": 0, "excluded_lines": 0, "percent_statements_covered": 100.0, "percent_statements_covered_display": "100"}, "missing_lines": [], "excluded_lines": [], "start_line": 53}, "_migrate": {"executed_lines": [68, 69, 70, 71, 72], "summary": {"covered_lines": 5, "num_statements": 5, "percent_covered": 100.0, "percent_covered_display": "100", "missing_lines": 0, "excluded_lines": 0, "percent_statements_covered": 100.0, "percent_statements_covered_display": "100"}, "missing_lines": [], "excluded_lines": [], "start_line": 67}, "great_circle_km": {"executed_lines": [78, 79, 80], "summary": {"covered_lines": 3, "num_statements": 3, "percent_covered": 100.0, "percent_covered_display": "100", "missing_lines": 0, "excluded_lines": 0, "percent_statements_covered": 100.0, "percent_statements_covered_display": "100"}, "missing_lines": [], "excluded_lines": [], "start_line": 77}, "expand_basket": {"executed_lines": [89, 90, 91, 92, 93, 94, 95, 96, 110], "summary": {"covered_lines": 9, "num_statements": 9, "percent_covered": 100.0, "percent_covered_display": "100", "missing_lines": 0, "excluded_lines": 0, "percent_statements_covered": 100.0, "percent_statements_covered_display": "100"}, "missing_lines": [], "excluded_lines": [], "start_line": 83}, "seed_dimensions": {"executed_lines": [117, 119, 120, 121, 122, 123, 130, 132, 133, 134, 140, 142, 143, 149, 151, 152, 153, 159, 161, 162, 167, 169, 170], "summary": {"covered_lines": 23, "num_statements": 23, "percent_covered": 100.0, "percent_covered_display": "100", "missing_lines": 0, "excluded_lines": 0, "percent_statements_covered": 100.0, "percent_statements_covered_display": "100"}, "missing_lines": [], "excluded_lines": [], "start_line": 115}, "seed_dim_date": {"executed_lines": [176, 177, 178, 179, 180, 181, 183, 184, 188, 189], "summary": {"covered_lines": 10, "num_statements": 10, "percent_covered": 100.0, "percent_covered_display": "100", "missing_lines": 0, "excluded_lines": 0, "percent_statements_covered": 100.0, "percent_statements_covered_display": "100"}, "missing_lines": [], "excluded_lines": [], "start_line": 173}, "build_weights": {"executed_lines": [209, 211, 212, 213, 214, 221, 222, 225, 237, 238, 239, 240, 241, 242, 243, 244, 245, 246, 247, 248, 249, 251, 252], "summary": {"covered_lines": 23, "num_statements": 23, "percent_covered": 100.0, "percent_covered_display": "100", "missing_lines": 0, "excluded_lines": 0, "percent_statements_covered": 100.0, "percent_statements_covered_display": "100"}, "missing_lines": [], "excluded_lines": [], "start_line": 194}, "insert_quotes": {"executed_lines": [261, 269, 271, 272, 273, 274], "summary": {"covered_lines": 6, "num_statements": 6, "percent_covered": 100.0, "percent_covered_display": "100", "missing_lines": 0, "excluded_lines": 0, "percent_statements_covered": 100.0, "percent_statements_covered_display": "100"}, "missing_lines": [], "excluded_lines": [], "start_line": 259}, "write_index_values": {"executed_lines": [278, 281, 283, 284, 285], "summary": {"covered_lines": 5, "num_statements": 5, "percent_covered": 100.0, "percent_covered_display": "100", "missing_lines": 0, "excluded_lines": 0, "percent_statements_covered": 100.0, "percent_statements_covered_display": "100"}, "missing_lines": [], "excluded_lines": [], "start_line": 277}, "record_quality": {"executed_lines": [289, 296, 297], "summary": {"covered_lines": 3, "num_statements": 3, "percent_covered": 100.0, "percent_covered_display": "100", "missing_lines": 0, "excluded_lines": 0, "percent_statements_covered": 100.0, "percent_statements_covered_display": "100"}, "missing_lines": [], "excluded_lines": [], "start_line": 288}, "record_config_change": {"executed_lines": [], "summary": {"covered_lines": 0, "num_statements": 2, "percent_covered": 0.0, "percent_covered_display": "0", "missing_lines": 2, "excluded_lines": 0, "percent_statements_covered": 0.0, "percent_statements_covered_display": "0"}, "missing_lines": [302, 307], "excluded_lines": [], "start_line": 300}, "read_quotes": {"executed_lines": [313, 314, 315, 317], "summary": {"covered_lines": 4, "num_statements": 5, "percent_covered": 80.0, "percent_covered_display": "80", "missing_lines": 1, "excluded_lines": 0, "percent_statements_covered": 80.0, "percent_statements_covered_display": "80"}, "missing_lines": [316], "excluded_lines": [], "start_line": 312}, "table_count": {"executed_lines": [321], "summary": {"covered_lines": 1, "num_statements": 1, "percent_covered": 100.0, "percent_covered_display": "100", "missing_lines": 0, "excluded_lines": 0, "percent_statements_covered": 100.0, "percent_statements_covered_display": "100"}, "missing_lines": [], "excluded_lines": [], "start_line": 320}, "": {"executed_lines": [7, 9, 10, 11, 12, 13, 14, 15, 17, 19, 20, 21, 22, 24, 25, 30, 40, 44, 53, 62, 67, 77, 83, 115, 173, 194, 259, 277, 288, 300, 312, 320], "summary": {"covered_lines": 32, "num_statements": 32, "percent_covered": 100.0, "percent_covered_display": "100", "missing_lines": 0, "excluded_lines": 0, "percent_statements_covered": 100.0, "percent_statements_covered_display": "100"}, "missing_lines": [], "excluded_lines": [], "start_line": 1}}, "classes": {"": {"executed_lines": [7, 9, 10, 11, 12, 13, 14, 15, 17, 19, 20, 21, 22, 24, 25, 30, 32, 33, 34, 35, 36, 37, 40, 41, 44, 45, 46, 47, 48, 49, 50, 53, 54, 55, 56, 62, 67, 68, 69, 70, 71, 72, 77, 78, 79, 80, 83, 89, 90, 91, 92, 93, 94, 95, 96, 110, 115, 117, 119, 120, 121, 122, 123, 130, 132, 133, 134, 140, 142, 143, 149, 151, 152, 153, 159, 161, 162, 167, 169, 170, 173, 176, 177, 178, 179, 180, 181, 183, 184, 188, 189, 194, 209, 211, 212, 213, 214, 221, 222, 225, 237, 238, 239, 240, 241, 242, 243, 244, 245, 246, 247, 248, 249, 251, 252, 259, 261, 269, 271, 272, 273, 274, 277, 278, 281, 283, 284, 285, 288, 289, 296, 297, 300, 312, 313, 314, 315, 317, 320, 321], "summary": {"covered_lines": 140, "num_statements": 143, "percent_covered": 97.9020979020979, "percent_covered_display": "98", "missing_lines": 3, "excluded_lines": 0, "percent_statements_covered": 97.9020979020979, "percent_statements_covered_display": "98"}, "missing_lines": [302, 307, 316], "excluded_lines": [], "start_line": 1}}}}, "totals": {"covered_lines": 1750, "num_statements": 1985, "percent_covered": 88.16120906801008, "percent_covered_display": "88", "missing_lines": 235, "excluded_lines": 0, "percent_statements_covered": 88.16120906801008, "percent_statements_covered_display": "88"}}